#
# A fatal error has been detected by the Java Runtime Environment:
#
#  EXCEPTION_ACCESS_VIOLATION (0xc0000005) at pc=0x00007fff3d1f5bf4, pid=8268, tid=16956
#
# JRE version: Java(TM) SE Runtime Environment (18.0.1.1+2) (build 18.0.1.1+2-6)
# Java VM: Java HotSpot(TM) 64-Bit Server VM (18.0.1.1+2-6, mixed mode, sharing, tiered, compressed oops, compressed class ptrs, g1 gc, windows-amd64)
# Problematic frame:
# V  [jvm.dll+0x335bf4]
#
# No core dump will be written. Minidumps are not enabled by default on client versions of Windows
#
# If you would like to submit a bug report, please visit:
#   https://bugreport.java.com/bugreport/crash.jsp
#

---------------  S U M M A R Y ------------

Command Line: -XX:+ShowCodeDetailsInExceptionMessages -agentlib:jdwp=transport=dt_socket,suspend=y,address=localhost:50498 -javaagent:C:\Users\Daniel\eclipse\jee-2022-062\eclipse\configuration\org.eclipse.osgi\407\0\.cp\lib\javaagent-shaded.jar -Dfile.encoding=UTF-8 com.OperationControlApplication

Host: Intel(R) Core(TM) i5-8400 CPU @ 2.80GHz, 6 cores, 15G,  Windows 10 , 64 bit Build 19041 (10.0.19041.2546)
Time: Wed Mar  1 13:54:26 2023 Hora oficial do Brasil elapsed time: 1271.994058 seconds (0d 0h 21m 11s)

---------------  T H R E A D  ---------------

Current thread (0x0000025caa7916f0):  WorkerThread "GC Thread#3" [stack: 0x000000a0b8200000,0x000000a0b8300000] [id=16956]

Stack: [0x000000a0b8200000,0x000000a0b8300000],  sp=0x000000a0b82fdd80,  free space=1015k
Native frames: (J=compiled Java code, j=interpreted, Vv=VM code, C=native code)
V  [jvm.dll+0x335bf4]
V  [jvm.dll+0x2e602b]
V  [jvm.dll+0x2e5ac4]
V  [jvm.dll+0x2e5a55]
V  [jvm.dll+0x7a40e6]
V  [jvm.dll+0x7a3f79]
V  [jvm.dll+0x7a4550]
V  [jvm.dll+0x33624c]
V  [jvm.dll+0x3360e5]
V  [jvm.dll+0x33e704]
V  [jvm.dll+0x33e87b]
V  [jvm.dll+0x81fae4]
V  [jvm.dll+0x7a03ea]
V  [jvm.dll+0x697725]
C  [ucrtbase.dll+0x21bb2]
C  [KERNEL32.DLL+0x17614]
C  [ntdll.dll+0x526a1]

JavaThread 0x0000025cafb3c530 (nid = 19128) was being processed
Java frames: (J=compiled Java code, j=interpreted, Vv=VM code)
j  java.lang.invoke.DirectMethodHandle$Holder.newInvokeSpecial(Ljava/lang/Object;)Ljava/lang/Object;+15 java.base@18.0.1.1
J 9831 c2 java.lang.reflect.Constructor.newInstanceWithCaller([Ljava/lang/Object;ZLjava/lang/Class;)Ljava/lang/Object; java.base@18.0.1.1 (51 bytes) @ 0x0000025c92282bf8 [0x0000025c922829a0+0x0000000000000258]
J 3443 c1 org.springframework.beans.BeanUtils.instantiateClass(Ljava/lang/reflect/Constructor;[Ljava/lang/Object;)Ljava/lang/Object; (187 bytes) @ 0x0000025c8ae009e4 [0x0000025c8adffe60+0x0000000000000b84]
J 10050 c1 org.springframework.beans.factory.support.SimpleInstantiationStrategy.instantiate(Lorg/springframework/beans/factory/support/RootBeanDefinition;Ljava/lang/String;Lorg/springframework/beans/factory/BeanFactory;)Ljava/lang/Object; (152 bytes) @ 0x0000025c8b77d1a4 [0x0000025c8b77c9a0+0x0000000000000804]
J 10051 c1 org.springframework.beans.factory.support.AbstractAutowireCapableBeanFactory.instantiateBean(Ljava/lang/String;Lorg/springframework/beans/factory/support/RootBeanDefinition;)Lorg/springframework/beans/BeanWrapper; (75 bytes) @ 0x0000025c8b77e3dc [0x0000025c8b77e140+0x000000000000029c]
J 7977 c1 org.springframework.beans.factory.support.AbstractAutowireCapableBeanFactory.createBeanInstance(Ljava/lang/String;Lorg/springframework/beans/factory/support/RootBeanDefinition;[Ljava/lang/Object;)Lorg/springframework/beans/BeanWrapper; (254 bytes) @ 0x0000025c8b4544fc [0x0000025c8b452d80+0x000000000000177c]
J 7901 c1 org.springframework.beans.factory.support.AbstractAutowireCapableBeanFactory.doCreateBean(Ljava/lang/String;Lorg/springframework/beans/factory/support/RootBeanDefinition;[Ljava/lang/Object;)Ljava/lang/Object; (507 bytes) @ 0x0000025c8b41e194 [0x0000025c8b41dc20+0x0000000000000574]
J 7909 c1 org.springframework.beans.factory.support.AbstractAutowireCapableBeanFactory.createBean(Ljava/lang/String;Lorg/springframework/beans/factory/support/RootBeanDefinition;[Ljava/lang/Object;)Ljava/lang/Object; (247 bytes) @ 0x0000025c8b429a54 [0x0000025c8b428300+0x0000000000001754]
J 9540 c1 org.springframework.beans.factory.support.AbstractBeanFactory.lambda$doGetBean$0(Ljava/lang/String;Lorg/springframework/beans/factory/support/RootBeanDefinition;[Ljava/lang/Object;)Ljava/lang/Object; (18 bytes) @ 0x0000025c8b60fb14 [0x0000025c8b60f9e0+0x0000000000000134]
J 7984 c1 org.springframework.beans.factory.support.AbstractBeanFactory$$Lambda$281+0x0000000800debcc8.getObject()Ljava/lang/Object; (20 bytes) @ 0x0000025c8b45c9dc [0x0000025c8b45c940+0x000000000000009c]
J 7985 c1 org.springframework.beans.factory.support.DefaultSingletonBeanRegistry.getSingleton(Ljava/lang/String;Lorg/springframework/beans/factory/ObjectFactory;)Ljava/lang/Object; (297 bytes) @ 0x0000025c8b45daec [0x0000025c8b45cfc0+0x0000000000000b2c]
J 11925 c2 org.springframework.beans.factory.support.AbstractBeanFactory.doGetBean(Ljava/lang/String;Ljava/lang/Class;[Ljava/lang/Object;Z)Ljava/lang/Object; (832 bytes) @ 0x0000025c924b46b8 [0x0000025c924b38c0+0x0000000000000df8]
J 7679 c1 org.springframework.beans.factory.support.AbstractBeanFactory.getBean(Ljava/lang/String;)Ljava/lang/Object; (9 bytes) @ 0x0000025c8b36ee64 [0x0000025c8b36ed40+0x0000000000000124]
j  org.springframework.beans.factory.support.DefaultListableBeanFactory.preInstantiateSingletons()V+248
j  org.springframework.context.support.AbstractApplicationContext.finishBeanFactoryInitialization(Lorg/springframework/beans/factory/config/ConfigurableListableBeanFactory;)V+124
j  org.springframework.context.support.AbstractApplicationContext.refresh()V+86
j  org.springframework.boot.web.servlet.context.ServletWebServerApplicationContext.refresh()V+1
j  org.springframework.boot.SpringApplication.refresh(Lorg/springframework/context/ConfigurableApplicationContext;)V+1
j  org.springframework.boot.SpringApplication.refreshContext(Lorg/springframework/context/ConfigurableApplicationContext;)V+16
j  org.springframework.boot.SpringApplication.run([Ljava/lang/String;)Lorg/springframework/context/ConfigurableApplicationContext;+107
j  org.springframework.boot.builder.SpringApplicationBuilder.run([Ljava/lang/String;)Lorg/springframework/context/ConfigurableApplicationContext;+45
j  com.OperationControlApplication.main([Ljava/lang/String;)V+21
j  java.lang.invoke.LambdaForm$DMH+0x0000000800ca9000.invokeStatic(Ljava/lang/Object;Ljava/lang/Object;)V+10 java.base@18.0.1.1
j  java.lang.invoke.LambdaForm$MH+0x0000000800caa000.invoke(Ljava/lang/Object;Ljava/lang/Object;Ljava/lang/Object;)Ljava/lang/Object;+33 java.base@18.0.1.1
J 9777 c2 java.lang.reflect.Method.invoke(Ljava/lang/Object;[Ljava/lang/Object;)Ljava/lang/Object; java.base@18.0.1.1 (108 bytes) @ 0x0000025c92275514 [0x0000025c92274f60+0x00000000000005b4]
j  org.springframework.boot.devtools.restart.RestartLauncher.run()V+42
v  ~StubRoutines::call_stub

siginfo: EXCEPTION_ACCESS_VIOLATION (0xc0000005), reading address 0x0000025c810c8df4


Register to memory mapping:

RIP=0x00007fff3d1f5bf4 jvm.dll
RAX=0x0000025c8102826c points into unknown readable memory: 00 00 00 00
RBX=0x0000025cacf48458 points into unknown readable memory: 0x00007fff3d7e58b8 | b8 58 7e 3d ff 7f 00 00
RCX=0x0000000000000015 is an unknown value
RDX=0x000000a0b89fde60 is pointing into the stack for thread: 0x0000025cafb3c530
RSP=0x000000a0b82fdd80 points into unknown readable memory: 0x000000a0b82fde50 | 50 de 2f b8 a0 00 00 00
RBP=0x000000a0b82fdeb0 points into unknown readable memory: 0x000000080000d8a8 | a8 d8 00 00 08 00 00 00
RSI=0x000000a0b82fe070 points into unknown readable memory: 0x000000a0b89fde58 | 58 de 9f b8 a0 00 00 00
RDI=0x000000a0b89fde60 is pointing into the stack for thread: 0x0000025cafb3c530
R8 =0x00000000000505c4 is an unknown value
R9 =0x0000025c80fd2ff0 points into unknown readable memory: 0x00007fff3d7dd460 | 60 d4 7d 3d ff 7f 00 00
R10=0x000000a0b89fde60 is pointing into the stack for thread: 0x0000025cafb3c530
R11=0x000000a0b82fdf28 points into unknown readable memory: 0x00007fff3d1a5ac4 | c4 5a 1a 3d ff 7f 00 00
R12=0x0 is NULL
R13=0x0000025caa825f30 points into unknown readable memory: 0x3fefffe200000002 | 02 00 00 00 e2 ff ef 3f
R14=0x0000000000000003 is an unknown value
R15=0x0000000000000003 is an unknown value


Registers:
RAX=0x0000025c8102826c, RBX=0x0000025cacf48458, RCX=0x0000000000000015, RDX=0x000000a0b89fde60
RSP=0x000000a0b82fdd80, RBP=0x000000a0b82fdeb0, RSI=0x000000a0b82fe070, RDI=0x000000a0b89fde60
R8 =0x00000000000505c4, R9 =0x0000025c80fd2ff0, R10=0x000000a0b89fde60, R11=0x000000a0b82fdf28
R12=0x0000000000000000, R13=0x0000025caa825f30, R14=0x0000000000000003, R15=0x0000000000000003
RIP=0x00007fff3d1f5bf4, EFLAGS=0x0000000000010203

Top of Stack: (sp=0x000000a0b82fdd80)
0x000000a0b82fdd80:   000000a0b82fde50 000000a0b82fe070
0x000000a0b82fdd90:   0000000800440068 0000000000000000
0x000000a0b82fdda0:   0000025cacf48458 00007fff3d1a602b
0x000000a0b82fddb0:   0000000000000001 00000008004f5660
0x000000a0b82fddc0:   0000025cacf48458 000000a0b82fe070
0x000000a0b82fddd0:   0000000000000001 00000008000c8c30
0x000000a0b82fdde0:   0000025caa7916f0 000000080000000f
0x000000a0b82fddf0:   0000025ca9c8c640 00000008004f5660
0x000000a0b82fde00:   00000000000003d8 0000025ca9c8c650
0x000000a0b82fde10:   0000025ca9c8ca28 00000008006decaf
0x000000a0b82fde20:   0000025c000000b8 00000008000c8c30
0x000000a0b82fde30:   00007fff3d7dc010 000000a0b82fe070
0x000000a0b82fde40:   0000025caebfca58 0000000200000001
0x000000a0b82fde50:   00000008004f5660 0000001300000001
0x000000a0b82fde60:   0000000000000032 000000010000000c
0x000000a0b82fde70:   0000000800440068 0000000000000000 

Instructions: (pc=0x00007fff3d1f5bf4)
0x00007fff3d1f5af4:   00 00 49 d3 e8 42 0f b7 14 40 0f b7 c2 66 c1 e8
0x00007fff3d1f5b04:   08 84 c0 78 3a 4c 8b 07 41 0f b6 c0 24 03 3c 03
0x00007fff3d1f5b14:   75 06 49 83 e0 fc eb 12 48 8b 4b 10 4d 8b c8 4c
0x00007fff3d1f5b24:   8b c7 e8 55 e1 fe ff 4c 8b c0 4c 2b 05 63 8e 78
0x00007fff3d1f5b34:   00 8b 0d 65 8e 78 00 49 d3 e8 44 89 06 eb 64 3c
0x00007fff3d1f5b44:   fd 75 41 41 8b 89 48 02 00 00 48 8b d7 49 8b 81
0x00007fff3d1f5b54:   40 02 00 00 48 d3 e0 8b 0d 8f d9 7f 00 48 2b d0
0x00007fff3d1f5b64:   49 8b 81 f8 03 00 00 48 d3 ea 8b ca 80 3c 08 00
0x00007fff3d1f5b74:   74 22 c6 04 08 00 49 8b 81 00 06 00 00 c6 44 48
0x00007fff3d1f5b84:   01 ff eb 10 3c fc 75 0c 48 8b 4b 10 48 8b d6 e8
0x00007fff3d1f5b94:   48 f2 ff ff 8b 53 18 4c 8b c7 48 8b 4b 28 e8 19
0x00007fff3d1f5ba4:   0b fc ff 48 8b 4b 10 e8 50 bc fe ff 48 8b 7c 24
0x00007fff3d1f5bb4:   30 48 8b 5c 24 38 48 83 c4 20 5e c3 48 89 5c 24
0x00007fff3d1f5bc4:   08 57 48 83 ec 20 4c 8b 12 48 8b fa 48 8b d9 4d
0x00007fff3d1f5bd4:   85 d2 0f 84 b0 00 00 00 4c 8b 49 08 4d 8b c2 49
0x00007fff3d1f5be4:   8b 81 10 06 00 00 41 8b 89 20 06 00 00 49 d3 e8
0x00007fff3d1f5bf4:   42 0f b7 14 40 0f b7 c2 66 c1 e8 08 84 c0 78 2c
0x00007fff3d1f5c04:   49 8b 0a 0f b6 c1 24 03 3c 03 75 09 48 83 e1 fc
0x00007fff3d1f5c14:   48 89 0f eb 6a 4c 8b c9 4d 8b c2 48 8b 4b 10 e8
0x00007fff3d1f5c24:   58 e0 fe ff 48 8b c8 48 89 07 eb 53 3c fd 75 3f
0x00007fff3d1f5c34:   41 8b 89 48 02 00 00 49 8b 81 40 02 00 00 48 d3
0x00007fff3d1f5c44:   e0 8b 0d a5 d8 7f 00 4c 2b d0 49 8b 81 f8 03 00
0x00007fff3d1f5c54:   00 49 d3 ea 41 8b ca 80 3c 08 00 74 22 c6 04 08
0x00007fff3d1f5c64:   00 49 8b 81 00 06 00 00 c6 44 48 01 ff eb 10 3c
0x00007fff3d1f5c74:   fc 75 0c 48 8b 4b 10 48 8b d7 e8 1d f1 ff ff 48
0x00007fff3d1f5c84:   8b 4b 10 e8 74 bb fe ff 48 8b 5c 24 30 48 83 c4
0x00007fff3d1f5c94:   20 5f c3 cc cc cc cc cc cc cc cc cc 48 89 5c 24
0x00007fff3d1f5ca4:   08 57 48 83 ec 20 8b 02 48 8b fa 48 8b d9 85 c0
0x00007fff3d1f5cb4:   0f 84 d1 00 00 00 8b 0d e0 8c 78 00 44 8b d0 4c
0x00007fff3d1f5cc4:   8b 4b 08 49 d3 e2 4c 03 15 c7 8c 78 00 4d 8b c2
0x00007fff3d1f5cd4:   49 8b 81 10 06 00 00 41 8b 89 20 06 00 00 49 d3
0x00007fff3d1f5ce4:   e8 42 0f b7 14 40 0f b7 c2 66 c1 e8 08 84 c0 78 


Stack slot to memory mapping:
stack at sp + 0 slots: 0x000000a0b82fde50 points into unknown readable memory: 0x00000008004f5660 | 60 56 4f 00 08 00 00 00
stack at sp + 1 slots: 0x000000a0b82fe070 points into unknown readable memory: 0x000000a0b89fde58 | 58 de 9f b8 a0 00 00 00
stack at sp + 2 slots: 0x0000000800440068 is pointing into metadata
stack at sp + 3 slots: 0x0 is NULL
stack at sp + 4 slots: 0x0000025cacf48458 points into unknown readable memory: 0x00007fff3d7e58b8 | b8 58 7e 3d ff 7f 00 00
stack at sp + 5 slots: 0x00007fff3d1a602b jvm.dll
stack at sp + 6 slots: 0x0000000000000001 is an unknown value
stack at sp + 7 slots: 0x00000008004f5660 is pointing into metadata


---------------  P R O C E S S  ---------------

Threads class SMR info:
_java_thread_list=0x0000025caeba7e20, length=24, elements={
0x0000025ca58cfad0, 0x0000025ca58d1f30, 0x0000025ca58e8940, 0x0000025ca58e91f0,
0x0000025ca58e9aa0, 0x0000025ca58ea350, 0x0000025ca58eaf30, 0x0000025ca59565f0,
0x0000025ca5956af0, 0x0000025ca597eb00, 0x0000025ca9d50680, 0x0000025ca9d51320,
0x0000025ca9d54b20, 0x0000025caa73b990, 0x0000025cac27a060, 0x0000025cafb3f080,
0x0000025cac27aa00, 0x0000025caf058bd0, 0x0000025cafb3e6e0, 0x0000025cafb3c530,
0x0000025cafb3f550, 0x0000025cafb3fa20, 0x0000025cafb3ced0, 0x0000025caf053530
}

Java Threads: ( => current thread )
  0x0000025ca58cfad0 JavaThread "Reference Handler" daemon [_thread_blocked, id=3532, stack(0x000000a0b7000000,0x000000a0b7100000)]
  0x0000025ca58d1f30 JavaThread "Finalizer" daemon [_thread_blocked, id=8316, stack(0x000000a0b7100000,0x000000a0b7200000)]
  0x0000025ca58e8940 JavaThread "Signal Dispatcher" daemon [_thread_blocked, id=9952, stack(0x000000a0b7200000,0x000000a0b7300000)]
  0x0000025ca58e91f0 JavaThread "Attach Listener" daemon [_thread_blocked, id=8772, stack(0x000000a0b7300000,0x000000a0b7400000)]
  0x0000025ca58e9aa0 JavaThread "Service Thread" daemon [_thread_blocked, id=4064, stack(0x000000a0b7400000,0x000000a0b7500000)]
  0x0000025ca58ea350 JavaThread "Monitor Deflation Thread" daemon [_thread_blocked, id=1424, stack(0x000000a0b7500000,0x000000a0b7600000)]
  0x0000025ca58eaf30 JavaThread "C2 CompilerThread0" daemon [_thread_blocked, id=5728, stack(0x000000a0b7600000,0x000000a0b7700000)]
  0x0000025ca59565f0 JavaThread "C1 CompilerThread0" daemon [_thread_blocked, id=16692, stack(0x000000a0b7700000,0x000000a0b7800000)]
  0x0000025ca5956af0 JavaThread "Sweeper thread" daemon [_thread_blocked, id=7680, stack(0x000000a0b7800000,0x000000a0b7900000)]
  0x0000025ca597eb00 JavaThread "Common-Cleaner" daemon [_thread_blocked, id=15524, stack(0x000000a0b7900000,0x000000a0b7a00000)]
  0x0000025ca9d50680 JavaThread "JDWP Transport Listener: dt_socket" daemon [_thread_blocked, id=2180, stack(0x000000a0b7a00000,0x000000a0b7b00000)]
  0x0000025ca9d51320 JavaThread "JDWP Event Helper Thread" daemon [_thread_blocked, id=12300, stack(0x000000a0b7b00000,0x000000a0b7c00000)]
  0x0000025ca9d54b20 JavaThread "JDWP Command Reader" daemon [_thread_in_native, id=7592, stack(0x000000a0b7c00000,0x000000a0b7d00000)]
  0x0000025caa73b990 JavaThread "Notification Thread" daemon [_thread_blocked, id=8384, stack(0x000000a0b7e00000,0x000000a0b7f00000)]
  0x0000025cac27a060 JavaThread "mysql-cj-abandoned-connection-cleanup" daemon [_thread_blocked, id=1292, stack(0x000000a0b8e00000,0x000000a0b8f00000)]
  0x0000025cafb3f080 JavaThread "DestroyJavaVM" [_thread_blocked, id=8508, stack(0x000000a0b6900000,0x000000a0b6a00000)]
  0x0000025cac27aa00 JavaThread "Thread-21" [_thread_blocked, id=17892, stack(0x000000a0b6700000,0x000000a0b6800000)]
  0x0000025caf058bd0 JavaThread "File Watcher" daemon [_thread_blocked, id=17908, stack(0x000000a0b6800000,0x000000a0b6900000)]
  0x0000025cafb3e6e0 JavaThread "File Watcher" daemon [_thread_blocked, id=5228, stack(0x000000a0b8700000,0x000000a0b8800000)]
  0x0000025cafb3c530 JavaThread "restartedMain" [_thread_blocked, id=19128, stack(0x000000a0b8900000,0x000000a0b8a00000)]
  0x0000025cafb3f550 JavaThread "Catalina-utility-1" [_thread_blocked, id=7828, stack(0x000000a0b8b00000,0x000000a0b8c00000)]
  0x0000025cafb3fa20 JavaThread "Catalina-utility-2" [_thread_blocked, id=14424, stack(0x000000a0b8c00000,0x000000a0b8d00000)]
  0x0000025cafb3ced0 JavaThread "container-2" [_thread_blocked, id=12208, stack(0x000000a0b8d00000,0x000000a0b8e00000)]
  0x0000025caf053530 JavaThread "HikariPool-9 housekeeper" daemon [_thread_blocked, id=12504, stack(0x000000a0b8f00000,0x000000a0b9000000)]

Other Threads:
  0x0000025ca58ccc90 VMThread "VM Thread" [stack: 0x000000a0b6f00000,0x000000a0b7000000] [id=2568]
  0x0000025caa59c2a0 WatcherThread "VM Periodic Task Thread" [stack: 0x000000a0b7f00000,0x000000a0b8000000] [id=16264]
  0x0000025c81030b60 WorkerThread "GC Thread#0" [stack: 0x000000a0b6a00000,0x000000a0b6b00000] [id=13140]
  0x0000025caa82b980 WorkerThread "GC Thread#1" [stack: 0x000000a0b8000000,0x000000a0b8100000] [id=11936]
  0x0000025caa791450 WorkerThread "GC Thread#2" [stack: 0x000000a0b8100000,0x000000a0b8200000] [id=5564]
=>0x0000025caa7916f0 WorkerThread "GC Thread#3" [stack: 0x000000a0b8200000,0x000000a0b8300000] [id=16956]
  0x0000025caa791da0 WorkerThread "GC Thread#4" [stack: 0x000000a0b8300000,0x000000a0b8400000] [id=12384]
  0x0000025caa792040 WorkerThread "GC Thread#5" [stack: 0x000000a0b8400000,0x000000a0b8500000] [id=14620]
  0x0000025c81041860 ConcurrentGCThread "G1 Main Marker" [stack: 0x000000a0b6b00000,0x000000a0b6c00000] [id=11016]
  0x0000025c81042160 WorkerThread "G1 Conc#0" [stack: 0x000000a0b6c00000,0x000000a0b6d00000] [id=9368]
  0x0000025cab7773f0 WorkerThread "G1 Conc#1" [stack: 0x000000a0b8800000,0x000000a0b8900000] [id=6340]
  0x0000025ca57890c0 ConcurrentGCThread "G1 Refine#0" [stack: 0x000000a0b6d00000,0x000000a0b6e00000] [id=16736]
  0x0000025caa7236d0 ConcurrentGCThread "G1 Refine#1" [stack: 0x000000a0b8500000,0x000000a0b8600000] [id=8240]
  0x0000025ca5789780 ConcurrentGCThread "G1 Service" [stack: 0x000000a0b6e00000,0x000000a0b6f00000] [id=5576]

Threads with active compile tasks:

VM state: at safepoint (normal execution)

VM Mutex/Monitor currently owned by a thread:  ([mutex/lock_event])
[0x0000025c80fba510] Threads_lock - owner thread: 0x0000025ca58ccc90
[0x0000025c80fbb710] Heap_lock - owner thread: 0x0000025cafb3e6e0

Heap address: 0x0000000701400000, size: 4076 MB, Compressed Oops mode: Zero based, Oop shift amount: 3

CDS archive(s) mapped at: [0x0000000800000000-0x0000000800ba0000-0x0000000800ba0000), size 12189696, SharedBaseAddress: 0x0000000800000000, ArchiveRelocationMode: 0.
Compressed class space mapped at: 0x0000000800c00000-0x0000000840c00000, reserved size: 1073741824
Narrow klass base: 0x0000000800000000, Narrow klass shift: 0, Narrow klass range: 0x100000000

GC Precious Log:
 CardTable entry size: 512
 Card Set container configuration: InlinePtr #cards 4 size 8 Array Of Cards #cards 16 size 48 Howl #buckets 8 coarsen threshold 3686 Howl Bitmap #cards 512 size 80 coarsen threshold 460 Card regions per heap region 1 cards per card region 4096
 CPUs: 6 total, 6 available
 Memory: 16300M
 Large Page Support: Disabled
 NUMA Support: Disabled
 Compressed Oops: Enabled (Zero based)
 Heap Region Size: 2M
 Heap Min Capacity: 8M
 Heap Initial Capacity: 256M
 Heap Max Capacity: 4076M
 Pre-touch: Disabled
 Parallel Workers: 6
 Concurrent Workers: 2
 Concurrent Refinement Workers: 6
 Periodic GC: Disabled

Heap:
 garbage-first heap   total 182272K, used 149021K [0x0000000701400000, 0x0000000800000000)
  region size 2048K, 44 young (90112K), 4 survivors (8192K)
 Metaspace       used 78324K, committed 79040K, reserved 1179648K
  class space    used 9071K, committed 9408K, reserved 1048576K

Heap Regions: E=young(eden), S=young(survivor), O=old, HS=humongous(starts), HC=humongous(continues), CS=collection set, F=free, OA=open archive, CA=closed archive, TAMS=top-at-mark-start (previous, next)
|   0|0x0000000701400000, 0x0000000701600000, 0x0000000701600000|100%| O|  |TAMS 0x0000000701600000, 0x0000000701400000| Untracked 
|   1|0x0000000701600000, 0x0000000701800000, 0x0000000701800000|100%| O|  |TAMS 0x0000000701800000, 0x0000000701600000| Untracked 
|   2|0x0000000701800000, 0x0000000701a00000, 0x0000000701a00000|100%| O|  |TAMS 0x0000000701a00000, 0x0000000701800000| Untracked 
|   3|0x0000000701a00000, 0x0000000701c00000, 0x0000000701c00000|100%| O|  |TAMS 0x0000000701c00000, 0x0000000701a00000| Untracked 
|   4|0x0000000701c00000, 0x0000000701dfff60, 0x0000000701e00000| 99%| O|  |TAMS 0x0000000701dfff60, 0x0000000701c00000| Untracked 
|   5|0x0000000701e00000, 0x0000000701ffffc8, 0x0000000702000000| 99%| O|  |TAMS 0x0000000701ffffc8, 0x0000000701e00000| Untracked 
|   6|0x0000000702000000, 0x00000007021fffe8, 0x0000000702200000| 99%| O|  |TAMS 0x00000007021fffe8, 0x0000000702000000| Untracked 
|   7|0x0000000702200000, 0x00000007023ffff8, 0x0000000702400000| 99%| O|  |TAMS 0x00000007023ffff8, 0x0000000702200000| Untracked 
|   8|0x0000000702400000, 0x00000007025ffb80, 0x0000000702600000| 99%| O|  |TAMS 0x00000007025ffb80, 0x0000000702400000| Untracked 
|   9|0x0000000702600000, 0x00000007027f3430, 0x0000000702800000| 97%| O|  |TAMS 0x00000007027f3430, 0x0000000702600000| Untracked 
|  10|0x0000000702800000, 0x0000000702a00000, 0x0000000702a00000|100%| O|  |TAMS 0x0000000702a00000, 0x0000000702800000| Untracked 
|  11|0x0000000702a00000, 0x0000000702bfffd0, 0x0000000702c00000| 99%| O|  |TAMS 0x0000000702bfffd0, 0x0000000702a00000| Untracked 
|  12|0x0000000702c00000, 0x0000000702dffff8, 0x0000000702e00000| 99%| O|  |TAMS 0x0000000702dffff8, 0x0000000702c00000| Untracked 
|  13|0x0000000702e00000, 0x0000000702fffd60, 0x0000000703000000| 99%| O|  |TAMS 0x0000000702fffd60, 0x0000000702e00000| Untracked 
|  14|0x0000000703000000, 0x00000007031f5ed8, 0x0000000703200000| 98%| O|  |TAMS 0x00000007031f5ed8, 0x0000000703000000| Untracked 
|  15|0x0000000703200000, 0x0000000703400000, 0x0000000703400000|100%| O|  |TAMS 0x0000000703400000, 0x0000000703200000| Untracked 
|  16|0x0000000703400000, 0x00000007035fffd8, 0x0000000703600000| 99%| O|  |TAMS 0x00000007035fffd8, 0x0000000703400000| Untracked 
|  17|0x0000000703600000, 0x0000000703779e10, 0x0000000703800000| 73%| O|  |TAMS 0x0000000703600000, 0x0000000703600000| Untracked 
|  18|0x0000000703800000, 0x00000007039ffff0, 0x0000000703a00000| 99%| O|  |TAMS 0x00000007039ffff0, 0x0000000703800000| Untracked 
|  19|0x0000000703a00000, 0x0000000703b56e30, 0x0000000703c00000| 66%| O|  |TAMS 0x0000000703a00000, 0x0000000703a00000| Untracked 
|  20|0x0000000703c00000, 0x0000000703d2c160, 0x0000000703e00000| 58%| O|  |TAMS 0x0000000703c00000, 0x0000000703c00000| Untracked 
|  21|0x0000000703e00000, 0x0000000704000000, 0x0000000704000000|100%| O|  |TAMS 0x0000000703e00000, 0x0000000703e00000| Untracked 
|  22|0x0000000704000000, 0x0000000704200000, 0x0000000704200000|100%| O|  |TAMS 0x0000000704000000, 0x0000000704000000| Untracked 
|  23|0x0000000704200000, 0x0000000704400000, 0x0000000704400000|100%| O|  |TAMS 0x0000000704200000, 0x0000000704200000| Untracked 
|  24|0x0000000704400000, 0x0000000704600000, 0x0000000704600000|100%| O|  |TAMS 0x0000000704400000, 0x0000000704400000| Untracked 
|  25|0x0000000704600000, 0x0000000704800000, 0x0000000704800000|100%| O|  |TAMS 0x0000000704600000, 0x0000000704600000| Untracked 
|  26|0x0000000704800000, 0x0000000704a00000, 0x0000000704a00000|100%| O|  |TAMS 0x0000000704800000, 0x0000000704800000| Untracked 
|  27|0x0000000704a00000, 0x0000000704c00000, 0x0000000704c00000|100%| O|  |TAMS 0x0000000704a00000, 0x0000000704a00000| Untracked 
|  28|0x0000000704c00000, 0x0000000704e00000, 0x0000000704e00000|100%| O|  |TAMS 0x0000000704c00000, 0x0000000704c00000| Untracked 
|  29|0x0000000704e00000, 0x0000000704f97a90, 0x0000000705000000| 79%| O|  |TAMS 0x0000000704e00000, 0x0000000704e00000| Untracked 
|  30|0x0000000705000000, 0x0000000705000000, 0x0000000705200000|  0%| F|  |TAMS 0x0000000705000000, 0x0000000705000000| Untracked 
|  31|0x0000000705200000, 0x0000000705200000, 0x0000000705400000|  0%| F|  |TAMS 0x0000000705200000, 0x0000000705200000| Untracked 
|  32|0x0000000705400000, 0x0000000705400000, 0x0000000705600000|  0%| F|  |TAMS 0x0000000705400000, 0x0000000705400000| Untracked 
|  33|0x0000000705600000, 0x0000000705600000, 0x0000000705800000|  0%| F|  |TAMS 0x0000000705600000, 0x0000000705600000| Untracked 
|  34|0x0000000705800000, 0x00000007059bbf50, 0x0000000705a00000| 86%| O|  |TAMS 0x0000000705800000, 0x0000000705800000| Untracked 
|  35|0x0000000705a00000, 0x0000000705a00000, 0x0000000705c00000|  0%| F|  |TAMS 0x0000000705a00000, 0x0000000705a00000| Untracked 
|  36|0x0000000705c00000, 0x0000000705c00000, 0x0000000705e00000|  0%| F|  |TAMS 0x0000000705c00000, 0x0000000705c00000| Untracked 
|  37|0x0000000705e00000, 0x0000000705e00000, 0x0000000706000000|  0%| F|  |TAMS 0x0000000705e00000, 0x0000000705e00000| Untracked 
|  38|0x0000000706000000, 0x0000000706000000, 0x0000000706200000|  0%| F|  |TAMS 0x0000000706000000, 0x0000000706000000| Untracked 
|  39|0x0000000706200000, 0x0000000706200000, 0x0000000706400000|  0%| F|  |TAMS 0x0000000706200000, 0x0000000706200000| Untracked 
|  40|0x0000000706400000, 0x0000000706600000, 0x0000000706600000|100%| S|  |TAMS 0x0000000706400000, 0x0000000706400000| Complete 
|  41|0x0000000706600000, 0x00000007067489e0, 0x0000000706800000| 64%| E|CS|TAMS 0x0000000706600000, 0x0000000706600000| Complete 
|  42|0x0000000706800000, 0x0000000706a00000, 0x0000000706a00000|100%| E|CS|TAMS 0x0000000706800000, 0x0000000706800000| Complete 
|  43|0x0000000706a00000, 0x0000000706c00000, 0x0000000706c00000|100%| E|CS|TAMS 0x0000000706a00000, 0x0000000706a00000| Complete 
|  44|0x0000000706c00000, 0x0000000706e00000, 0x0000000706e00000|100%| E|CS|TAMS 0x0000000706c00000, 0x0000000706c00000| Complete 
|  45|0x0000000706e00000, 0x0000000707000000, 0x0000000707000000|100%| E|CS|TAMS 0x0000000706e00000, 0x0000000706e00000| Complete 
|  46|0x0000000707000000, 0x0000000707200000, 0x0000000707200000|100%| S|  |TAMS 0x0000000707000000, 0x0000000707000000| Complete 
|  47|0x0000000707200000, 0x0000000707400000, 0x0000000707400000|100%| S|  |TAMS 0x0000000707200000, 0x0000000707200000| Complete 
|  48|0x0000000707400000, 0x0000000707600000, 0x0000000707600000|100%| S|  |TAMS 0x0000000707400000, 0x0000000707400000| Complete 
|  49|0x0000000707600000, 0x0000000707800000, 0x0000000707800000|100%| E|CS|TAMS 0x0000000707600000, 0x0000000707600000| Complete 
|  50|0x0000000707800000, 0x0000000707a00000, 0x0000000707a00000|100%| E|CS|TAMS 0x0000000707800000, 0x0000000707800000| Complete 
|  51|0x0000000707a00000, 0x0000000707c00000, 0x0000000707c00000|100%| E|CS|TAMS 0x0000000707a00000, 0x0000000707a00000| Complete 
|  52|0x0000000707c00000, 0x0000000707e00000, 0x0000000707e00000|100%| E|CS|TAMS 0x0000000707c00000, 0x0000000707c00000| Complete 
|  53|0x0000000707e00000, 0x0000000708000000, 0x0000000708000000|100%| E|CS|TAMS 0x0000000707e00000, 0x0000000707e00000| Complete 
|  54|0x0000000708000000, 0x0000000708200000, 0x0000000708200000|100%| E|CS|TAMS 0x0000000708000000, 0x0000000708000000| Complete 
|  55|0x0000000708200000, 0x0000000708400000, 0x0000000708400000|100%| E|CS|TAMS 0x0000000708200000, 0x0000000708200000| Complete 
|  56|0x0000000708400000, 0x0000000708600000, 0x0000000708600000|100%| E|CS|TAMS 0x0000000708400000, 0x0000000708400000| Complete 
|  57|0x0000000708600000, 0x0000000708800000, 0x0000000708800000|100%| E|CS|TAMS 0x0000000708600000, 0x0000000708600000| Complete 
|  58|0x0000000708800000, 0x0000000708a00000, 0x0000000708a00000|100%| E|CS|TAMS 0x0000000708800000, 0x0000000708800000| Complete 
|  59|0x0000000708a00000, 0x0000000708c00000, 0x0000000708c00000|100%| E|CS|TAMS 0x0000000708a00000, 0x0000000708a00000| Complete 
|  60|0x0000000708c00000, 0x0000000708e00000, 0x0000000708e00000|100%| E|CS|TAMS 0x0000000708c00000, 0x0000000708c00000| Complete 
|  61|0x0000000708e00000, 0x0000000709000000, 0x0000000709000000|100%| E|CS|TAMS 0x0000000708e00000, 0x0000000708e00000| Complete 
|  62|0x0000000709000000, 0x0000000709200000, 0x0000000709200000|100%| E|CS|TAMS 0x0000000709000000, 0x0000000709000000| Complete 
|  63|0x0000000709200000, 0x0000000709400000, 0x0000000709400000|100%| E|CS|TAMS 0x0000000709200000, 0x0000000709200000| Complete 
|  64|0x0000000709400000, 0x0000000709600000, 0x0000000709600000|100%| E|CS|TAMS 0x0000000709400000, 0x0000000709400000| Complete 
|  65|0x0000000709600000, 0x0000000709800000, 0x0000000709800000|100%| E|CS|TAMS 0x0000000709600000, 0x0000000709600000| Complete 
|  66|0x0000000709800000, 0x0000000709a00000, 0x0000000709a00000|100%| E|CS|TAMS 0x0000000709800000, 0x0000000709800000| Complete 
|  67|0x0000000709a00000, 0x0000000709c00000, 0x0000000709c00000|100%| E|CS|TAMS 0x0000000709a00000, 0x0000000709a00000| Complete 
|  68|0x0000000709c00000, 0x0000000709e00000, 0x0000000709e00000|100%| E|CS|TAMS 0x0000000709c00000, 0x0000000709c00000| Complete 
|  69|0x0000000709e00000, 0x000000070a000000, 0x000000070a000000|100%| E|CS|TAMS 0x0000000709e00000, 0x0000000709e00000| Complete 
|  70|0x000000070a000000, 0x000000070a200000, 0x000000070a200000|100%| E|CS|TAMS 0x000000070a000000, 0x000000070a000000| Complete 
|  71|0x000000070a200000, 0x000000070a400000, 0x000000070a400000|100%| E|CS|TAMS 0x000000070a200000, 0x000000070a200000| Complete 
|  72|0x000000070a400000, 0x000000070a600000, 0x000000070a600000|100%| E|CS|TAMS 0x000000070a400000, 0x000000070a400000| Complete 
|  73|0x000000070a600000, 0x000000070a800000, 0x000000070a800000|100%| E|CS|TAMS 0x000000070a600000, 0x000000070a600000| Complete 
|  74|0x000000070a800000, 0x000000070aa00000, 0x000000070aa00000|100%| E|CS|TAMS 0x000000070a800000, 0x000000070a800000| Complete 
|  75|0x000000070aa00000, 0x000000070ac00000, 0x000000070ac00000|100%| E|CS|TAMS 0x000000070aa00000, 0x000000070aa00000| Complete 
|  76|0x000000070ac00000, 0x000000070ae00000, 0x000000070ae00000|100%| E|CS|TAMS 0x000000070ac00000, 0x000000070ac00000| Complete 
|  77|0x000000070ae00000, 0x000000070b000000, 0x000000070b000000|100%| E|CS|TAMS 0x000000070ae00000, 0x000000070ae00000| Complete 
|  78|0x000000070b000000, 0x000000070b200000, 0x000000070b200000|100%| E|CS|TAMS 0x000000070b000000, 0x000000070b000000| Complete 
|  79|0x000000070b200000, 0x000000070b400000, 0x000000070b400000|100%| E|CS|TAMS 0x000000070b200000, 0x000000070b200000| Complete 
|  80|0x000000070b400000, 0x000000070b600000, 0x000000070b600000|100%| E|CS|TAMS 0x000000070b400000, 0x000000070b400000| Complete 
|  81|0x000000070b600000, 0x000000070b800000, 0x000000070b800000|100%| E|CS|TAMS 0x000000070b600000, 0x000000070b600000| Complete 
|  82|0x000000070b800000, 0x000000070ba00000, 0x000000070ba00000|100%| E|CS|TAMS 0x000000070b800000, 0x000000070b800000| Complete 
|  83|0x000000070ba00000, 0x000000070bc00000, 0x000000070bc00000|100%| E|CS|TAMS 0x000000070ba00000, 0x000000070ba00000| Complete 
|  84|0x000000070bc00000, 0x000000070be00000, 0x000000070be00000|100%| E|CS|TAMS 0x000000070bc00000, 0x000000070bc00000| Complete 
|  85|0x000000070be00000, 0x000000070c000000, 0x000000070c000000|100%| E|CS|TAMS 0x000000070be00000, 0x000000070be00000| Complete 
|  86|0x000000070c000000, 0x000000070c200000, 0x000000070c200000|100%| E|CS|TAMS 0x000000070c000000, 0x000000070c000000| Complete 
|  87|0x000000070c200000, 0x000000070c400000, 0x000000070c400000|100%| E|CS|TAMS 0x000000070c200000, 0x000000070c200000| Complete 
|  88|0x000000070c400000, 0x000000070c600000, 0x000000070c600000|100%| E|CS|TAMS 0x000000070c400000, 0x000000070c400000| Complete 

Card table byte_map: [0x0000025c9a130000,0x0000025c9a930000] _byte_map_base: 0x0000025c96926000

Marking Bits (Prev, Next): (CMBitMap*) 0x0000025c810310b0, (CMBitMap*) 0x0000025c81031070
 Prev Bits: [0x0000025c9f0e0000, 0x0000025ca3090000)
 Next Bits: [0x0000025c9b130000, 0x0000025c9f0e0000)

Polling page: 0x0000025c81080000

Metaspace:

Usage:
  Non-class:     67.63 MB used.
      Class:      8.86 MB used.
       Both:     76.49 MB used.

Virtual space:
  Non-class space:      128.00 MB reserved,      68.00 MB ( 53%) committed,  2 nodes.
      Class space:        1.00 GB reserved,       9.19 MB ( <1%) committed,  1 nodes.
             Both:        1.12 GB reserved,      77.19 MB (  7%) committed. 

Chunk freelists:
   Non-Class:  3.84 MB
       Class:  2.66 MB
        Both:  6.50 MB

MaxMetaspaceSize: unlimited
CompressedClassSpaceSize: 1.00 GB
Initial GC threshold: 21.00 MB
Current GC threshold: 120.94 MB
CDS: on
MetaspaceReclaimPolicy: balanced
 - commit_granule_bytes: 65536.
 - commit_granule_words: 8192.
 - virtual_space_node_default_size: 8388608.
 - enlarge_chunks_in_place: 1.
 - new_chunks_are_fully_committed: 0.
 - uncommit_free_chunks: 1.
 - use_allocation_guard: 0.


Internal statistics:

num_allocs_failed_limit: 6.
num_arena_births: 910.
num_arena_deaths: 88.
num_vsnodes_births: 3.
num_vsnodes_deaths: 0.
num_space_committed: 1235.
num_space_uncommitted: 0.
num_chunks_returned_to_freelist: 136.
num_chunks_taken_from_freelist: 4261.
num_chunk_merges: 17.
num_chunk_splits: 2729.
num_chunks_enlarged: 1988.
num_inconsistent_stats: 0.

CodeHeap 'non-profiled nmethods': size=120000Kb used=11736Kb max_used=11736Kb free=108263Kb
 bounds [0x0000025c91bc0000, 0x0000025c92740000, 0x0000025c990f0000]
CodeHeap 'profiled nmethods': size=120000Kb used=27200Kb max_used=27200Kb free=92799Kb
 bounds [0x0000025c8a690000, 0x0000025c8c130000, 0x0000025c91bc0000]
CodeHeap 'non-nmethods': size=5760Kb used=1392Kb max_used=1481Kb free=4367Kb
 bounds [0x0000025c8a0f0000, 0x0000025c8a360000, 0x0000025c8a690000]
 total_blobs=12726 nmethods=12087 adapters=549
 compilation: enabled
              stopped_count=0, restarted_count=0
 full_count=0

Compilation events (20 events):
Event: 1169.736 Thread 0x0000025ca59565f0 14750       1       org.springframework.transaction.interceptor.TransactionAspectSupport::getTransactionAttributeSource (5 bytes)
Event: 1169.736 Thread 0x0000025ca59565f0 nmethod 14750 0x0000025c92735690 code [0x0000025c92735820, 0x0000025c927358f8]
Event: 1169.736 Thread 0x0000025ca59565f0 14751       1       org.springframework.data.projection.ProxyProjectionFactory::setBeanClassLoader (6 bytes)
Event: 1169.736 Thread 0x0000025ca59565f0 nmethod 14751 0x0000025c92735990 code [0x0000025c92735b20, 0x0000025c92735c38]
Event: 1169.736 Thread 0x0000025ca59565f0 14752       1       org.springframework.data.projection.SpelAwareProxyProjectionFactory::setBeanFactory (6 bytes)
Event: 1169.736 Thread 0x0000025ca59565f0 nmethod 14752 0x0000025c92735c90 code [0x0000025c92735e20, 0x0000025c92735f38]
Event: 1169.738 Thread 0x0000025ca58eaf30 14753       4       org.hibernate.hql.internal.ast.HqlToken::setType (14 bytes)
Event: 1169.738 Thread 0x0000025ca58eaf30 nmethod 14753 0x0000025c92735f90 code [0x0000025c92736100, 0x0000025c92736198]
Event: 1169.739 Thread 0x0000025ca59565f0 14754       3       org.hibernate.hql.internal.CollectionProperties::isAnyCollectionProperty (18 bytes)
Event: 1169.739 Thread 0x0000025ca59565f0 nmethod 14754 0x0000025c8c110990 code [0x0000025c8c110b80, 0x0000025c8c111008]
Event: 1169.739 Thread 0x0000025ca59565f0 14755   !   3       jdk.internal.org.objectweb.asm.ClassWriter::getCommonSuperClass (141 bytes)
Event: 1169.740 Thread 0x0000025ca59565f0 nmethod 14755 0x0000025c8c111190 code [0x0000025c8c111460, 0x0000025c8c111e68]
Event: 1169.749 Thread 0x0000025ca59565f0 14756       3       org.springframework.util.MimeType::<init> (107 bytes)
Event: 1169.750 Thread 0x0000025ca59565f0 nmethod 14756 0x0000025c8c112410 code [0x0000025c8c1127c0, 0x0000025c8c114308]
Event: 1169.753 Thread 0x0000025ca59565f0 14757       3       org.postgresql.shaded.com.ongres.scram.common.bouncycastle.base64.Base64Encoder::decode (364 bytes)
Event: 1169.758 Thread 0x0000025ca59565f0 nmethod 14757 0x0000025c8c114b90 code [0x0000025c8c115680, 0x0000025c8c11d688]
Event: 1220.354 Thread 0x0000025ca59565f0 14758       3       java.util.LinkedHashMap$LinkedKeySet::contains (9 bytes)
Event: 1220.354 Thread 0x0000025ca59565f0 nmethod 14758 0x0000025c8c120590 code [0x0000025c8c120740, 0x0000025c8c120928]
Event: 1249.121 Thread 0x0000025ca59565f0 14759       3       java.util.TreeMap::<init> (20 bytes)
Event: 1249.121 Thread 0x0000025ca59565f0 nmethod 14759 0x0000025c8c120a10 code [0x0000025c8c120bc0, 0x0000025c8c120df8]

GC Heap History (20 events):
Event: 1155.537 GC heap after
{Heap after GC invocations=92 (full 6):
 garbage-first heap   total 151552K, used 53804K [0x0000000701400000, 0x0000000800000000)
  region size 2048K, 3 young (6144K), 3 survivors (6144K)
 Metaspace       used 75535K, committed 76224K, reserved 1179648K
  class space    used 8864K, committed 9216K, reserved 1048576K
}
Event: 1155.648 GC heap before
{Heap before GC invocations=92 (full 6):
 garbage-first heap   total 151552K, used 123436K [0x0000000701400000, 0x0000000800000000)
  region size 2048K, 37 young (75776K), 3 survivors (6144K)
 Metaspace       used 75535K, committed 76224K, reserved 1179648K
  class space    used 8864K, committed 9216K, reserved 1048576K
}
Event: 1155.650 GC heap after
{Heap after GC invocations=93 (full 6):
 garbage-first heap   total 151552K, used 54336K [0x0000000701400000, 0x0000000800000000)
  region size 2048K, 3 young (6144K), 3 survivors (6144K)
 Metaspace       used 75535K, committed 76224K, reserved 1179648K
  class space    used 8864K, committed 9216K, reserved 1048576K
}
Event: 1155.898 GC heap before
{Heap before GC invocations=93 (full 6):
 garbage-first heap   total 151552K, used 123968K [0x0000000701400000, 0x0000000800000000)
  region size 2048K, 37 young (75776K), 3 survivors (6144K)
 Metaspace       used 75728K, committed 76416K, reserved 1179648K
  class space    used 8888K, committed 9216K, reserved 1048576K
}
Event: 1155.901 GC heap after
{Heap after GC invocations=94 (full 6):
 garbage-first heap   total 182272K, used 56263K [0x0000000701400000, 0x0000000800000000)
  region size 2048K, 4 young (8192K), 4 survivors (8192K)
 Metaspace       used 75728K, committed 76416K, reserved 1179648K
  class space    used 8888K, committed 9216K, reserved 1048576K
}
Event: 1156.345 GC heap before
{Heap before GC invocations=94 (full 6):
 garbage-first heap   total 182272K, used 150471K [0x0000000701400000, 0x0000000800000000)
  region size 2048K, 50 young (102400K), 4 survivors (8192K)
 Metaspace       used 75955K, committed 76608K, reserved 1179648K
  class space    used 8907K, committed 9216K, reserved 1048576K
}
Event: 1156.349 GC heap after
{Heap after GC invocations=95 (full 6):
 garbage-first heap   total 182272K, used 57477K [0x0000000701400000, 0x0000000800000000)
  region size 2048K, 4 young (8192K), 4 survivors (8192K)
 Metaspace       used 75955K, committed 76608K, reserved 1179648K
  class space    used 8907K, committed 9216K, reserved 1048576K
}
Event: 1157.039 GC heap before
{Heap before GC invocations=95 (full 6):
 garbage-first heap   total 182272K, used 151685K [0x0000000701400000, 0x0000000800000000)
  region size 2048K, 50 young (102400K), 4 survivors (8192K)
 Metaspace       used 76633K, committed 77312K, reserved 1179648K
  class space    used 8949K, committed 9280K, reserved 1048576K
}
Event: 1157.044 GC heap after
{Heap after GC invocations=96 (full 6):
 garbage-first heap   total 182272K, used 60602K [0x0000000701400000, 0x0000000800000000)
  region size 2048K, 5 young (10240K), 5 survivors (10240K)
 Metaspace       used 76633K, committed 77312K, reserved 1179648K
  class space    used 8949K, committed 9280K, reserved 1048576K
}
Event: 1168.112 GC heap before
{Heap before GC invocations=96 (full 6):
 garbage-first heap   total 182272K, used 150714K [0x0000000701400000, 0x0000000800000000)
  region size 2048K, 49 young (100352K), 5 survivors (10240K)
 Metaspace       used 77099K, committed 77760K, reserved 1179648K
  class space    used 8979K, committed 9280K, reserved 1048576K
}
Event: 1168.115 GC heap after
{Heap after GC invocations=97 (full 6):
 garbage-first heap   total 182272K, used 61382K [0x0000000701400000, 0x0000000800000000)
  region size 2048K, 4 young (8192K), 4 survivors (8192K)
 Metaspace       used 77099K, committed 77760K, reserved 1179648K
  class space    used 8979K, committed 9280K, reserved 1048576K
}
Event: 1168.308 GC heap before
{Heap before GC invocations=97 (full 6):
 garbage-first heap   total 182272K, used 151494K [0x0000000701400000, 0x0000000800000000)
  region size 2048K, 48 young (98304K), 4 survivors (8192K)
 Metaspace       used 77099K, committed 77760K, reserved 1179648K
  class space    used 8979K, committed 9280K, reserved 1048576K
}
Event: 1168.311 GC heap after
{Heap after GC invocations=98 (full 6):
 garbage-first heap   total 182272K, used 61571K [0x0000000701400000, 0x0000000800000000)
  region size 2048K, 4 young (8192K), 4 survivors (8192K)
 Metaspace       used 77099K, committed 77760K, reserved 1179648K
  class space    used 8979K, committed 9280K, reserved 1048576K
}
Event: 1168.504 GC heap before
{Heap before GC invocations=98 (full 6):
 garbage-first heap   total 182272K, used 151683K [0x0000000701400000, 0x0000000800000000)
  region size 2048K, 48 young (98304K), 4 survivors (8192K)
 Metaspace       used 77099K, committed 77760K, reserved 1179648K
  class space    used 8979K, committed 9280K, reserved 1048576K
}
Event: 1168.507 GC heap after
{Heap after GC invocations=99 (full 6):
 garbage-first heap   total 182272K, used 61685K [0x0000000701400000, 0x0000000800000000)
  region size 2048K, 4 young (8192K), 4 survivors (8192K)
 Metaspace       used 77099K, committed 77760K, reserved 1179648K
  class space    used 8979K, committed 9280K, reserved 1048576K
}
Event: 1168.937 GC heap before
{Heap before GC invocations=99 (full 6):
 garbage-first heap   total 182272K, used 151797K [0x0000000701400000, 0x0000000800000000)
  region size 2048K, 48 young (98304K), 4 survivors (8192K)
 Metaspace       used 77449K, committed 78080K, reserved 1179648K
  class space    used 9017K, committed 9344K, reserved 1048576K
}
Event: 1168.940 GC heap after
{Heap after GC invocations=100 (full 6):
 garbage-first heap   total 182272K, used 63721K [0x0000000701400000, 0x0000000800000000)
  region size 2048K, 4 young (8192K), 4 survivors (8192K)
 Metaspace       used 77449K, committed 78080K, reserved 1179648K
  class space    used 9017K, committed 9344K, reserved 1048576K
}
Event: 1169.588 GC heap before
{Heap before GC invocations=100 (full 6):
 garbage-first heap   total 182272K, used 151785K [0x0000000701400000, 0x0000000800000000)
  region size 2048K, 47 young (96256K), 4 survivors (8192K)
 Metaspace       used 77906K, committed 78656K, reserved 1179648K
  class space    used 9050K, committed 9408K, reserved 1048576K
}
Event: 1169.592 GC heap after
{Heap after GC invocations=101 (full 6):
 garbage-first heap   total 182272K, used 67101K [0x0000000701400000, 0x0000000800000000)
  region size 2048K, 5 young (10240K), 5 survivors (10240K)
 Metaspace       used 77906K, committed 78656K, reserved 1179648K
  class space    used 9050K, committed 9408K, reserved 1048576K
}
Event: 1271.979 GC heap before
{Heap before GC invocations=101 (full 6):
 garbage-first heap   total 182272K, used 149021K [0x0000000701400000, 0x0000000800000000)
  region size 2048K, 45 young (92160K), 5 survivors (10240K)
 Metaspace       used 78324K, committed 79040K, reserved 1179648K
  class space    used 9071K, committed 9408K, reserved 1048576K
}

Deoptimization events (20 events):
Event: 1169.750 Thread 0x0000025cafb3c530 DEOPT PACKING pc=0x0000025c922c11ac sp=0x000000a0b89f90a0
Event: 1169.750 Thread 0x0000025cafb3c530 DEOPT UNPACKING pc=0x0000025c8a1423a3 sp=0x000000a0b89f8fd8 mode 2
Event: 1169.750 Thread 0x0000025cafb3c530 Uncommon trap: trap_request=0xffffff97 fr.pc=0x0000025c922c11ac relative=0x000000000000284c
Event: 1169.750 Thread 0x0000025cafb3c530 Uncommon trap: reason=unhandled action=none pc=0x0000025c922c11ac method=java.net.URLClassLoader.findClass(Ljava/lang/String;)Ljava/lang/Class; @ 44 c2
Event: 1169.750 Thread 0x0000025cafb3c530 DEOPT PACKING pc=0x0000025c922c11ac sp=0x000000a0b89f90a0
Event: 1169.750 Thread 0x0000025cafb3c530 DEOPT UNPACKING pc=0x0000025c8a1423a3 sp=0x000000a0b89f8fd8 mode 2
Event: 1169.750 Thread 0x0000025cafb3c530 Uncommon trap: trap_request=0xffffff97 fr.pc=0x0000025c922c11ac relative=0x000000000000284c
Event: 1169.750 Thread 0x0000025cafb3c530 Uncommon trap: reason=unhandled action=none pc=0x0000025c922c11ac method=java.net.URLClassLoader.findClass(Ljava/lang/String;)Ljava/lang/Class; @ 44 c2
Event: 1169.750 Thread 0x0000025cafb3c530 DEOPT PACKING pc=0x0000025c922c11ac sp=0x000000a0b89fc600
Event: 1169.750 Thread 0x0000025cafb3c530 DEOPT UNPACKING pc=0x0000025c8a1423a3 sp=0x000000a0b89fc538 mode 2
Event: 1169.750 Thread 0x0000025cafb3c530 Uncommon trap: trap_request=0xffffff97 fr.pc=0x0000025c922c11ac relative=0x000000000000284c
Event: 1169.750 Thread 0x0000025cafb3c530 Uncommon trap: reason=unhandled action=none pc=0x0000025c922c11ac method=java.net.URLClassLoader.findClass(Ljava/lang/String;)Ljava/lang/Class; @ 44 c2
Event: 1169.750 Thread 0x0000025cafb3c530 DEOPT PACKING pc=0x0000025c922c11ac sp=0x000000a0b89fc600
Event: 1169.750 Thread 0x0000025cafb3c530 DEOPT UNPACKING pc=0x0000025c8a1423a3 sp=0x000000a0b89fc538 mode 2
Event: 1169.753 Thread 0x0000025cafb3c530 Uncommon trap: trap_request=0xffffff97 fr.pc=0x0000025c922c11ac relative=0x000000000000284c
Event: 1169.753 Thread 0x0000025cafb3c530 Uncommon trap: reason=unhandled action=none pc=0x0000025c922c11ac method=java.net.URLClassLoader.findClass(Ljava/lang/String;)Ljava/lang/Class; @ 44 c2
Event: 1169.753 Thread 0x0000025cafb3c530 DEOPT PACKING pc=0x0000025c922c11ac sp=0x000000a0b89fd290
Event: 1169.753 Thread 0x0000025cafb3c530 DEOPT UNPACKING pc=0x0000025c8a1423a3 sp=0x000000a0b89fd1c8 mode 2
Event: 1170.081 Thread 0x0000025cafb3c530 DEOPT PACKING pc=0x0000025c92591864 sp=0x000000a0b89fde90
Event: 1170.081 Thread 0x0000025cafb3c530 DEOPT UNPACKING pc=0x0000025c8a142b43 sp=0x000000a0b89fd318 mode 0

Classes loaded (20 events):
Event: 1169.583 Loading class java/lang/ObjectCustomizer
Event: 1169.583 Loading class java/lang/ObjectCustomizer done
Event: 1169.584 Loading class java/lang/ObjectCustomizer
Event: 1169.584 Loading class java/lang/ObjectCustomizer done
Event: 1169.586 Loading class java/lang/ObjectCustomizer
Event: 1169.586 Loading class java/lang/ObjectCustomizer done
Event: 1169.586 Loading class java/lang/ObjectCustomizer
Event: 1169.586 Loading class java/lang/ObjectCustomizer done
Event: 1169.594 Loading class java/lang/ObjectCustomizer
Event: 1169.594 Loading class java/lang/ObjectCustomizer done
Event: 1169.594 Loading class java/lang/ObjectCustomizer
Event: 1169.594 Loading class java/lang/ObjectCustomizer done
Event: 1169.596 Loading class java/lang/ObjectCustomizer
Event: 1169.596 Loading class java/lang/ObjectCustomizer done
Event: 1169.596 Loading class java/lang/ObjectCustomizer
Event: 1169.596 Loading class java/lang/ObjectCustomizer done
Event: 1169.663 Loading class java/lang/ObjectCustomizer
Event: 1169.663 Loading class java/lang/ObjectCustomizer done
Event: 1169.663 Loading class java/lang/ObjectCustomizer
Event: 1169.663 Loading class java/lang/ObjectCustomizer done

Classes unloaded (20 events):
Event: 1034.439 Thread 0x0000025ca58ccc90 Unloading class 0x0000000801490400 'jdk/internal/reflect/GeneratedSerializationConstructorAccessor14'
Event: 1034.439 Thread 0x0000025ca58ccc90 Unloading class 0x0000000801490000 'jdk/internal/reflect/GeneratedSerializationConstructorAccessor13'
Event: 1121.720 Thread 0x0000025ca58ccc90 Unloading class 0x00000008014b8000 'jdk/internal/reflect/GeneratedSerializationConstructorAccessor24'
Event: 1121.720 Thread 0x0000025ca58ccc90 Unloading class 0x00000008014b1c00 'jdk/internal/reflect/GeneratedSerializationConstructorAccessor23'
Event: 1121.720 Thread 0x0000025ca58ccc90 Unloading class 0x00000008014b1400 'jdk/internal/reflect/GeneratedSerializationConstructorAccessor22'
Event: 1121.720 Thread 0x0000025ca58ccc90 Unloading class 0x00000008014b0400 'jdk/internal/reflect/GeneratedSerializationConstructorAccessor21'
Event: 1121.720 Thread 0x0000025ca58ccc90 Unloading class 0x00000008014b0000 'jdk/internal/reflect/GeneratedSerializationConstructorAccessor20'
Event: 1121.720 Thread 0x0000025ca58ccc90 Unloading class 0x00000008014a8c00 'jdk/internal/reflect/GeneratedSerializationConstructorAccessor19'
Event: 1147.989 Thread 0x0000025ca58ccc90 Unloading class 0x00000008014d4c00 'jdk/internal/reflect/GeneratedSerializationConstructorAccessor30'
Event: 1147.989 Thread 0x0000025ca58ccc90 Unloading class 0x00000008014d4800 'jdk/internal/reflect/GeneratedSerializationConstructorAccessor29'
Event: 1147.989 Thread 0x0000025ca58ccc90 Unloading class 0x00000008014d4400 'jdk/internal/reflect/GeneratedSerializationConstructorAccessor28'
Event: 1147.989 Thread 0x0000025ca58ccc90 Unloading class 0x00000008014d4000 'jdk/internal/reflect/GeneratedSerializationConstructorAccessor27'
Event: 1147.989 Thread 0x0000025ca58ccc90 Unloading class 0x00000008014ccc00 'jdk/internal/reflect/GeneratedSerializationConstructorAccessor26'
Event: 1147.989 Thread 0x0000025ca58ccc90 Unloading class 0x00000008014cc400 'jdk/internal/reflect/GeneratedSerializationConstructorAccessor25'
Event: 1151.610 Thread 0x0000025ca58ccc90 Unloading class 0x00000008014f4c00 'jdk/internal/reflect/GeneratedSerializationConstructorAccessor36'
Event: 1151.610 Thread 0x0000025ca58ccc90 Unloading class 0x00000008014f4800 'jdk/internal/reflect/GeneratedSerializationConstructorAccessor35'
Event: 1151.610 Thread 0x0000025ca58ccc90 Unloading class 0x00000008014f4400 'jdk/internal/reflect/GeneratedSerializationConstructorAccessor34'
Event: 1151.610 Thread 0x0000025ca58ccc90 Unloading class 0x00000008014f4000 'jdk/internal/reflect/GeneratedSerializationConstructorAccessor33'
Event: 1151.610 Thread 0x0000025ca58ccc90 Unloading class 0x00000008014e9400 'jdk/internal/reflect/GeneratedSerializationConstructorAccessor32'
Event: 1151.610 Thread 0x0000025ca58ccc90 Unloading class 0x00000008014e9000 'jdk/internal/reflect/GeneratedSerializationConstructorAccessor31'

Classes redefined (0 events):
No events

Internal exceptions (20 events):
Event: 1169.543 Thread 0x0000025cafb3c530 Exception <a 'java/lang/ClassNotFoundException'{0x00000007076b80b0}: com/model/BrandCustomizer> (0x00000007076b80b0) 
thrown [s\open\src\hotspot\share\classfile\systemDictionary.cpp, line 255]
Event: 1169.545 Thread 0x0000025cafb3c530 Exception <a 'java/lang/ClassNotFoundException'{0x00000007076f5670}: java/lang/ObjectCustomizer> (0x00000007076f5670) 
thrown [s\open\src\hotspot\share\classfile\systemDictionary.cpp, line 255]
Event: 1169.545 Thread 0x0000025cafb3c530 Exception <a 'java/lang/ClassNotFoundException'{0x00000007076fd198}: com/model/RoleCustomizer> (0x00000007076fd198) 
thrown [s\open\src\hotspot\share\classfile\systemDictionary.cpp, line 255]
Event: 1169.576 Thread 0x0000025cafb3c530 Exception <a 'java/lang/ClassNotFoundException'{0x0000000707071a80}: java/lang/ObjectCustomizer> (0x0000000707071a80) 
thrown [s\open\src\hotspot\share\classfile\systemDictionary.cpp, line 255]
Event: 1169.577 Thread 0x0000025cafb3c530 Exception <a 'java/lang/ClassNotFoundException'{0x00000007070796b8}: com/model/DataTaskCustomizer> (0x00000007070796b8) 
thrown [s\open\src\hotspot\share\classfile\systemDictionary.cpp, line 255]
Event: 1169.578 Thread 0x0000025cafb3c530 Exception <a 'java/lang/ClassNotFoundException'{0x00000007070aacb8}: java/lang/ObjectCustomizer> (0x00000007070aacb8) 
thrown [s\open\src\hotspot\share\classfile\systemDictionary.cpp, line 255]
Event: 1169.579 Thread 0x0000025cafb3c530 Exception <a 'java/lang/ClassNotFoundException'{0x00000007070b28f0}: com/model/PromoterCustomizer> (0x00000007070b28f0) 
thrown [s\open\src\hotspot\share\classfile\systemDictionary.cpp, line 255]
Event: 1169.580 Thread 0x0000025cafb3c530 Exception <a 'java/lang/ClassNotFoundException'{0x00000007070eabb0}: java/lang/ObjectCustomizer> (0x00000007070eabb0) 
thrown [s\open\src\hotspot\share\classfile\systemDictionary.cpp, line 255]
Event: 1169.581 Thread 0x0000025cafb3c530 Exception <a 'java/lang/ClassNotFoundException'{0x00000007070f26d8}: com/model/TeamCustomizer> (0x00000007070f26d8) 
thrown [s\open\src\hotspot\share\classfile\systemDictionary.cpp, line 255]
Event: 1169.584 Thread 0x0000025cafb3c530 Exception <a 'java/lang/ClassNotFoundException'{0x0000000707164d58}: java/lang/ObjectCustomizer> (0x0000000707164d58) 
thrown [s\open\src\hotspot\share\classfile\systemDictionary.cpp, line 255]
Event: 1169.585 Thread 0x0000025cafb3c530 Exception <a 'java/lang/ClassNotFoundException'{0x000000070716c880}: com/model/TaskCustomizer> (0x000000070716c880) 
thrown [s\open\src\hotspot\share\classfile\systemDictionary.cpp, line 255]
Event: 1169.586 Thread 0x0000025cafb3c530 Exception <a 'java/lang/ClassNotFoundException'{0x0000000707196460}: java/lang/ObjectCustomizer> (0x0000000707196460) 
thrown [s\open\src\hotspot\share\classfile\systemDictionary.cpp, line 255]
Event: 1169.587 Thread 0x0000025cafb3c530 Exception <a 'java/lang/ClassNotFoundException'{0x000000070719df88}: com/model/ShopCustomizer> (0x000000070719df88) 
thrown [s\open\src\hotspot\share\classfile\systemDictionary.cpp, line 255]
Event: 1169.592 Thread 0x0000025cafb3c530 Implicit null exception at 0x0000025c91d16680 to 0x0000025c91d16bc8
Event: 1169.594 Thread 0x0000025cafb3c530 Exception <a 'java/lang/ClassNotFoundException'{0x000000070c42fa28}: java/lang/ObjectCustomizer> (0x000000070c42fa28) 
thrown [s\open\src\hotspot\share\classfile\systemDictionary.cpp, line 255]
Event: 1169.595 Thread 0x0000025cafb3c530 Exception <a 'java/lang/ClassNotFoundException'{0x000000070c4377c0}: com/model/Task_ActivityCustomizer> (0x000000070c4377c0) 
thrown [s\open\src\hotspot\share\classfile\systemDictionary.cpp, line 255]
Event: 1169.596 Thread 0x0000025cafb3c530 Exception <a 'java/lang/ClassNotFoundException'{0x000000070c45b1b0}: java/lang/ObjectCustomizer> (0x000000070c45b1b0) 
thrown [s\open\src\hotspot\share\classfile\systemDictionary.cpp, line 255]
Event: 1169.597 Thread 0x0000025cafb3c530 Exception <a 'java/lang/ClassNotFoundException'{0x000000070c463338}: com/model/ActivityCustomizer> (0x000000070c463338) 
thrown [s\open\src\hotspot\share\classfile\systemDictionary.cpp, line 255]
Event: 1169.663 Thread 0x0000025cafb3c530 Exception <a 'java/lang/ClassNotFoundException'{0x000000070b68ab90}: java/lang/ObjectCustomizer> (0x000000070b68ab90) 
thrown [s\open\src\hotspot\share\classfile\systemDictionary.cpp, line 255]
Event: 1169.664 Thread 0x0000025cafb3c530 Exception <a 'java/lang/ClassNotFoundException'{0x000000070b6927c8}: com/model/HolydayCustomizer> (0x000000070b6927c8) 
thrown [s\open\src\hotspot\share\classfile\systemDictionary.cpp, line 255]

VM Operations (20 events):
Event: 1170.260 Executing VM operation: get/set locals done
Event: 1170.260 Executing VM operation: get/set locals
Event: 1170.260 Executing VM operation: get/set locals done
Event: 1170.261 Executing VM operation: get/set locals
Event: 1170.261 Executing VM operation: get/set locals done
Event: 1170.261 Executing VM operation: get/set locals
Event: 1170.261 Executing VM operation: get/set locals done
Event: 1170.261 Executing VM operation: get/set locals
Event: 1170.261 Executing VM operation: get/set locals done
Event: 1170.262 Executing VM operation: get/set locals
Event: 1170.262 Executing VM operation: get/set locals done
Event: 1170.262 Executing VM operation: get/set locals
Event: 1170.262 Executing VM operation: get/set locals done
Event: 1170.263 Executing VM operation: get/set locals
Event: 1170.263 Executing VM operation: get/set locals done
Event: 1170.263 Executing VM operation: get/set locals
Event: 1170.263 Executing VM operation: get/set locals done
Event: 1170.264 Executing VM operation: get/set locals
Event: 1170.264 Executing VM operation: get/set locals done
Event: 1271.979 Executing VM operation: G1CollectForAllocation

Events (20 events):
Event: 1157.196 Thread 0x0000025cafb3c530 Thread added: 0x0000025cafb3c530
Event: 1157.199 Thread 0x0000025caf054d40 Thread exited: 0x0000025caf054d40
Event: 1157.199 Thread 0x0000025caf053530 Thread exited: 0x0000025caf053530
Event: 1157.200 Thread 0x0000025cafb3c530 Thread exited: 0x0000025cafb3c530
Event: 1157.203 Thread 0x0000025caf055bb0 Thread exited: 0x0000025caf055bb0
Event: 1157.209 Thread 0x0000025caf05a3e0 Thread exited: 0x0000025caf05a3e0
Event: 1157.210 Thread 0x0000025caf0543a0 Thread exited: 0x0000025caf0543a0
Event: 1157.213 Thread 0x0000025caf059f10 Thread exited: 0x0000025caf059f10
Event: 1157.213 Thread 0x0000025cafb3e6e0 Thread added: 0x0000025cafb3e6e0
Event: 1167.970 Thread 0x0000025cafb3c530 Thread added: 0x0000025cafb3c530
Event: 1168.528 Thread 0x0000025cafb3ced0 Thread added: 0x0000025cafb3ced0
Event: 1168.553 Thread 0x0000025cafb3ced0 Thread exited: 0x0000025cafb3ced0
Event: 1169.007 Thread 0x0000025caad6e190 Thread added: 0x0000025caad6e190
Event: 1169.074 Thread 0x0000025cafb3f550 Thread added: 0x0000025cafb3f550
Event: 1169.074 Thread 0x0000025cafb3fa20 Thread added: 0x0000025cafb3fa20
Event: 1169.074 Thread 0x0000025cafb3ced0 Thread added: 0x0000025cafb3ced0
Event: 1169.170 Thread 0x0000025caf053530 Thread added: 0x0000025caf053530
Event: 1169.276 Thread 0x0000025caf05a3e0 Thread added: 0x0000025caf05a3e0
Event: 1174.757 Thread 0x0000025caad6e190 Thread exited: 0x0000025caad6e190
Event: 1174.773 Thread 0x0000025caf05a3e0 Thread exited: 0x0000025caf05a3e0


Dynamic libraries:
0x00007ff7a4770000 - 0x00007ff7a4780000 	C:\Program Files\Java\jdk-18.0.1.1\bin\javaw.exe
0x00007fffb8f30000 - 0x00007fffb9128000 	C:\Windows\SYSTEM32\ntdll.dll
0x00007fffb89a0000 - 0x00007fffb8a5f000 	C:\Windows\System32\KERNEL32.DLL
0x00007fffb68f0000 - 0x00007fffb6bc2000 	C:\Windows\System32\KERNELBASE.dll
0x00007fffb67f0000 - 0x00007fffb68f0000 	C:\Windows\System32\ucrtbase.dll
0x00007fffb1190000 - 0x00007fffb11a8000 	C:\Program Files\Java\jdk-18.0.1.1\bin\jli.dll
0x00007fffb7590000 - 0x00007fffb763e000 	C:\Windows\System32\ADVAPI32.dll
0x00007fffb7c40000 - 0x00007fffb7cde000 	C:\Windows\System32\msvcrt.dll
0x00007fffb8cc0000 - 0x00007fffb8d5c000 	C:\Windows\System32\sechost.dll
0x00007fffb8b90000 - 0x00007fffb8cb5000 	C:\Windows\System32\RPCRT4.dll
0x00007fffb7ce0000 - 0x00007fffb7e81000 	C:\Windows\System32\USER32.dll
0x00007fffb6620000 - 0x00007fffb6642000 	C:\Windows\System32\win32u.dll
0x00007fffb7b90000 - 0x00007fffb7bbb000 	C:\Windows\System32\GDI32.dll
0x00007fffb6c20000 - 0x00007fffb6d2f000 	C:\Windows\System32\gdi32full.dll
0x00007fffb6650000 - 0x00007fffb66ed000 	C:\Windows\System32\msvcp_win.dll
0x00007fffb1170000 - 0x00007fffb118a000 	C:\Program Files\Java\jdk-18.0.1.1\bin\VCRUNTIME140.dll
0x00007fffa1d00000 - 0x00007fffa1f9a000 	C:\Windows\WinSxS\amd64_microsoft.windows.common-controls_6595b64144ccf1df_6.0.19041.1110_none_60b5254171f9507e\COMCTL32.dll
0x00007fffb04f0000 - 0x00007fffb04fa000 	C:\Windows\SYSTEM32\VERSION.dll
0x00007fffb8e20000 - 0x00007fffb8e52000 	C:\Windows\System32\IMM32.DLL
0x00007fffb1160000 - 0x00007fffb116c000 	C:\Program Files\Java\jdk-18.0.1.1\bin\vcruntime140_1.dll
0x00007fff99790000 - 0x00007fff9981d000 	C:\Program Files\Java\jdk-18.0.1.1\bin\msvcp140.dll
0x00007fff3cec0000 - 0x00007fff3dad0000 	C:\Program Files\Java\jdk-18.0.1.1\bin\server\jvm.dll
0x00007fffb8740000 - 0x00007fffb8748000 	C:\Windows\System32\PSAPI.DLL
0x00007fff9e670000 - 0x00007fff9e679000 	C:\Windows\SYSTEM32\WSOCK32.dll
0x00007fffb87b0000 - 0x00007fffb881b000 	C:\Windows\System32\WS2_32.dll
0x00007fffaedf0000 - 0x00007fffaee17000 	C:\Windows\SYSTEM32\WINMM.dll
0x00007fffb44c0000 - 0x00007fffb44d2000 	C:\Windows\SYSTEM32\kernel.appcore.dll
0x00007fffb1150000 - 0x00007fffb115a000 	C:\Program Files\Java\jdk-18.0.1.1\bin\jimage.dll
0x00007fffa3c70000 - 0x00007fffa3e54000 	C:\Windows\SYSTEM32\DBGHELP.DLL
0x00007fff9ccc0000 - 0x00007fff9ccf5000 	C:\Windows\SYSTEM32\dbgcore.DLL
0x00007fffb6760000 - 0x00007fffb67e2000 	C:\Windows\System32\bcryptPrimitives.dll
0x00007fff9cd30000 - 0x00007fff9cd6b000 	C:\Program Files\Java\jdk-18.0.1.1\bin\jdwp.dll
0x00007fff9ea40000 - 0x00007fff9ea4e000 	C:\Program Files\Java\jdk-18.0.1.1\bin\instrument.dll
0x00007fffa7680000 - 0x00007fffa76a5000 	C:\Program Files\Java\jdk-18.0.1.1\bin\java.dll
0x00007fff8a250000 - 0x00007fff8a326000 	C:\Program Files\Java\jdk-18.0.1.1\bin\jsvml.dll
0x00007fffb7ff0000 - 0x00007fffb8735000 	C:\Windows\System32\SHELL32.dll
0x00007fffb46c0000 - 0x00007fffb4e52000 	C:\Windows\SYSTEM32\windows.storage.dll
0x00007fffb7830000 - 0x00007fffb7b85000 	C:\Windows\System32\combase.dll
0x00007fffb5fa0000 - 0x00007fffb5fd0000 	C:\Windows\SYSTEM32\Wldp.dll
0x00007fffb8d70000 - 0x00007fffb8e1d000 	C:\Windows\System32\SHCORE.dll
0x00007fffb8820000 - 0x00007fffb8875000 	C:\Windows\System32\shlwapi.dll
0x00007fffb6560000 - 0x00007fffb657f000 	C:\Windows\SYSTEM32\profapi.dll
0x00007fff9ea30000 - 0x00007fff9ea3c000 	C:\Program Files\Java\jdk-18.0.1.1\bin\dt_socket.dll
0x00007fffb5a40000 - 0x00007fffb5a7b000 	C:\Windows\SYSTEM32\IPHLPAPI.DLL
0x00007fffb5d80000 - 0x00007fffb5dea000 	C:\Windows\system32\mswsock.dll
0x00007fffb5a90000 - 0x00007fffb5b5b000 	C:\Windows\SYSTEM32\DNSAPI.dll
0x00007fffb8d60000 - 0x00007fffb8d68000 	C:\Windows\System32\NSI.dll
0x00007fffa6780000 - 0x00007fffa678a000 	C:\Windows\System32\rasadhlp.dll
0x00007fffacc90000 - 0x00007fffacd10000 	C:\Windows\System32\fwpuclnt.dll
0x00007fffb6f40000 - 0x00007fffb6f67000 	C:\Windows\System32\bcrypt.dll
0x00007fff9eba0000 - 0x00007fff9ebb8000 	C:\Program Files\Java\jdk-18.0.1.1\bin\zip.dll
0x00007fff9f200000 - 0x00007fff9f213000 	C:\Program Files\Java\jdk-18.0.1.1\bin\net.dll
0x00007fffaf120000 - 0x00007fffaf22c000 	C:\Windows\SYSTEM32\WINHTTP.dll
0x00007fff9f1e0000 - 0x00007fff9f1f6000 	C:\Program Files\Java\jdk-18.0.1.1\bin\nio.dll
0x00007fffb1140000 - 0x00007fffb1150000 	C:\Program Files\Java\jdk-18.0.1.1\bin\verify.dll
0x00007fffa6ad0000 - 0x00007fffa6ad9000 	C:\Program Files\Java\jdk-18.0.1.1\bin\management.dll
0x00007fffa6a80000 - 0x00007fffa6a8b000 	C:\Program Files\Java\jdk-18.0.1.1\bin\management_ext.dll
0x00007fff85be0000 - 0x00007fff85bf7000 	C:\Windows\system32\napinsp.dll
0x00007fff84930000 - 0x00007fff8494b000 	C:\Windows\system32\pnrpnsp.dll
0x00007fffb1350000 - 0x00007fffb1365000 	C:\Windows\system32\wshbth.dll
0x00007fffb2000000 - 0x00007fffb201d000 	C:\Windows\system32\NLAapi.dll
0x00007fff84910000 - 0x00007fff84922000 	C:\Windows\System32\winrnr.dll
0x00007fffb6300000 - 0x00007fffb6318000 	C:\Windows\SYSTEM32\CRYPTSP.dll
0x00007fffb55e0000 - 0x00007fffb5614000 	C:\Windows\system32\rsaenh.dll
0x00007fffb6520000 - 0x00007fffb654e000 	C:\Windows\SYSTEM32\USERENV.dll
0x00007fffb5f10000 - 0x00007fffb5f1c000 	C:\Windows\SYSTEM32\CRYPTBASE.dll
0x00007fffaf570000 - 0x00007fffaf587000 	C:\Windows\SYSTEM32\dhcpcsvc6.DLL
0x00007fffaf9a0000 - 0x00007fffaf9bd000 	C:\Windows\SYSTEM32\dhcpcsvc.DLL
0x00007fffaafe0000 - 0x00007fffaafee000 	C:\Program Files\Java\jdk-18.0.1.1\bin\sunmscapi.dll
0x00007fffb6d30000 - 0x00007fffb6e86000 	C:\Windows\System32\CRYPT32.dll
0x00007fffb6010000 - 0x00007fffb6037000 	C:\Windows\SYSTEM32\ncrypt.dll
0x00007fffb5fd0000 - 0x00007fffb600b000 	C:\Windows\SYSTEM32\NTASN1.dll

dbghelp: loaded successfully - version: 4.0.5 - missing functions: none
symbol engine: initialized successfully - sym options: 0x614 - pdb path: .;C:\Program Files\Java\jdk-18.0.1.1\bin;C:\Windows\SYSTEM32;C:\Windows\WinSxS\amd64_microsoft.windows.common-controls_6595b64144ccf1df_6.0.19041.1110_none_60b5254171f9507e;C:\Program Files\Java\jdk-18.0.1.1\bin\server

VM Arguments:
jvm_args: -XX:+ShowCodeDetailsInExceptionMessages -agentlib:jdwp=transport=dt_socket,suspend=y,address=localhost:50498 -javaagent:C:\Users\Daniel\eclipse\jee-2022-062\eclipse\configuration\org.eclipse.osgi\407\0\.cp\lib\javaagent-shaded.jar -Dfile.encoding=UTF-8 
java_command: com.OperationControlApplication
java_class_path (initial): C:\Users\Daniel\Documents\Projetos\Controle Operacional\Operation-control\target\classes;C:\Users\Daniel\.m2\repository\org\hibernate\validator\hibernate-validator\8.0.0.Final\hibernate-validator-8.0.0.Final.jar;C:\Users\Daniel\.m2\repository\jakarta\validation\jakarta.validation-api\2.0.2\jakarta.validation-api-2.0.2.jar;C:\Users\Daniel\.m2\repository\org\jboss\logging\jboss-logging\3.4.3.Final\jboss-logging-3.4.3.Final.jar;C:\Users\Daniel\.m2\repository\com\fasterxml\classmate\1.5.1\classmate-1.5.1.jar;C:\Users\Daniel\.m2\repository\com\googlecode\json-simple\json-simple\1.1\json-simple-1.1.jar;C:\Users\Daniel\.m2\repository\joda-time\joda-time-hibernate\1.3\joda-time-hibernate-1.3.jar;C:\Users\Daniel\.m2\repository\com\itextpdf\itextpdf\5.5.13\itextpdf-5.5.13.jar;C:\Users\Daniel\.m2\repository\org\apache\poi\poi-ooxml\4.1.2\poi-ooxml-4.1.2.jar;C:\Users\Daniel\.m2\repository\org\apache\poi\poi\4.1.2\poi-4.1.2.jar;C:\Users\Daniel\.m2\repository\commons-codec\commons-codec\1.15\commons-codec-1.15.jar;C:\Users\Daniel\.m2\repository\org\apache\commons\commons-collections4\4.4\commons-collections4-4.4.jar;C:\Users\Daniel\.m2\repository\org\apache\commons\commons-math3\3.6.1\commons-math3-3.6.1.jar;C:\Users\Daniel\.m2\repository\com\zaxxer\SparseBitSet\1.2\SparseBitSet-1.2.jar;C:\Users\Daniel\.m2\repository\org\apache\poi\poi-ooxml-schemas\4.1.2\poi-ooxml-schemas-4.1.2.jar;C:\Users\Daniel\.m2\repository\org\apache\xmlbeans\xmlbeans\3.1.0\xmlbeans-3.1.0.jar;C:\Users\Daniel\.m2\repository\org\apache\commons\commons-compress\1.19\commons-compress-1.19.jar;C:\Users\Daniel\.m2\repository\com\github\virtuald\curvesapi\1.06\curvesapi-1.06.jar;C:\Users\Daniel\.m2\repository\joda-time\joda-time\2.10.14\joda-time-2.10.14.jar;C:\Users\Daniel\.m2\repository\org\postgresql\postgresql\42.2.23\postgresql-42.2.23.jar;C:\Users\Daniel\.m2\repository\org\checkerframework\checker-qual\3.5.0\checker-qual-3.5.0.jar;C:\Users\Daniel\.m2\repository\org\modelmapper\modelmapper\2.4.4\modelmapper-2.4.4.jar;C:\Users\Daniel\.m2\repository\org\springframework\boot\spring-boot-starter-security\2.6.3\spring-boot-starter-security-2.6.3.jar;C:\Users\Daniel\.m2\repository\org\springframework\spring-aop\5.3.15\spring-aop-5.3.15.jar;C:\Users\Daniel\.m2\repository\org\springframework\spring-beans\5.3.15\spring-beans-5.3.15.jar;C:\Users\Daniel\.m2\repository\org\springframework\security\spring-security-config\5.6.1\spring-security-config-5.6.1.jar;C:\Users\Daniel\.m2\repository\org\springframework\security\spring-security-core\5.6.1\spring-security-core-5.6.1.jar;C:\Users\Daniel\.m2\repository\org\springframework\security\spring-security-crypto\5.6.1\spring-security-crypto-5.6.1.jar;C:\Users\Daniel\.m2\repository\org\springframework\spring-context\5.3.15\spring-context-5.3.15.jar;C:\Users\Daniel\.m2\repository\org\springframework\security\spring-security-web\5.6.1\spring-security-web-5.6.1.jar;C:\Users\Daniel\.m2\repository\org\springframework\spring-expression\5.3.15\spring-expression-5.3.15.jar;C:\Users\Daniel\.m2\repository\org\springframework\boot\spring-boot-devtools\2.6.3\spring-boot-devtools-2.6.3.jar;C:\Users\Daniel\.m2\repository\org\springframework\boot\spring-boot\2.6.3\spring-boot-2.6.3.jar;C:\Users\Daniel\.m2\repository\org\springframework\boot\spring-boot-autoconfigure\2.6.3\spring-boot-autoconfigure-2.6.3.jar;C:\Users\Daniel\.m2\repository\org\springframework\boot\spring-boot-starter-web\2.6.3\spring-boot-starter-web-2.6.3.jar;C:\Users\Daniel\.m2\repository\org\springframework\boot\spring-boot-starter-json\2.6.3\spring-boot-starter-json-2.6.3.jar;C:\Users\Daniel\.m2\repository\com\fasterxml\jackson\datatype\jackson-datatype-jdk8\2.13.1\jackson-datatype-jdk8-2.13.1.jar;C:\Users\Daniel\.m2\repository\com\fasterxml\jackson\datatype\jackson-datatype-jsr310\2.13.1\jackson-datatype-jsr310-2.13.1.jar;C:\Users\Daniel\.m2\repository\com\fasterxml\jackson\module\jackson-module-parameter-names\2.13.1\jackson-module-parameter-names-2.13.1.jar;C:\Users\Daniel\.m2\repository\org\springframework\boot\spring-boot-starter-tomcat\2.6.3\spring-boot-starter-tomcat-2.6.3.jar;C:\Users\Daniel\.m2\repository\org\apache\tomcat\embed\tomcat-embed-core\9.0.56\tomcat-embed-core-9.0.56.jar;C:\Users\Daniel\.m2\repository\org\apache\tomcat\embed\tomcat-embed-el\9.0.56\tomcat-embed-el-9.0.56.jar;C:\Users\Daniel\.m2\repository\org\apache\tomcat\embed\tomcat-embed-websocket\9.0.56\tomcat-embed-websocket-9.0.56.jar;C:\Users\Daniel\.m2\repository\org\springframework\spring-web\5.3.15\spring-web-5.3.15.jar;C:\Users\Daniel\.m2\repository\org\springframework\spring-webmvc\5.3.15\spring-webmvc-5.3.15.jar;C:\Users\Daniel\.m2\repository\org\springframework\boot\spring-boot-starter-data-jpa\2.6.3\spring-boot-starter-data-jpa-2.6.3.jar;C:\Users\Daniel\.m2\repository\org\springframework\boot\spring-boot-starter-aop\2.6.3\spring-boot-starter-aop-2.6.3.jar;C:\Users\Daniel\.m2\repository\org\aspectj\aspectjweaver\1.9.7\aspectjweaver-1.9.7.jar;C:\Users\Daniel\.m2\repository\org\springframework\boot\spring-boot-starter-jdbc\2.6.3\spring-boot-starter-jdbc-2.6.3.jar;C:\Users\Daniel\.m2\repository\com\zaxxer\HikariCP\4.0.3\HikariCP-4.0.3.jar;C:\Users\Daniel\.m2\repository\org\springframework\spring-jdbc\5.3.15\spring-jdbc-5.3.15.jar;C:\Users\Daniel\.m2\repository\jakarta\transaction\jakarta.transaction-api\1.3.3\jakarta.transaction-api-1.3.3.jar;C:\Users\Daniel\.m2\repository\jakarta\persistence\jakarta.persistence-api\2.2.3\jakarta.persistence-api-2.2.3.jar;C:\Users\Daniel\.m2\repository\org\hibernate\hibernate-core\5.6.4.Final\hibernate-core-5.6.4.Final.jar;C:\Users\Daniel\.m2\repository\net\bytebuddy\byte-buddy\1.11.22\byte-buddy-1.11.22.jar;C:\Users\Daniel\.m2\repository\antlr\antlr\2.7.7\antlr-2.7.7.jar;C:\Users\Daniel\.m2\repository\org\jboss\jandex\2.4.2.Final\jandex-2.4.2.Final.jar;C:\Users\Daniel\.m2\repository\org\hibernate\common\hibernate-commons-annotations\5.1.2.Final\hibernate-commons-annotations-5.1.2.Final.jar;C:\Users\Daniel\.m2\repository\org\glassfish\jaxb\jaxb-runtime\2.3.5\jaxb-runtime-2.3.5.jar;C:\Users\Daniel\.m2\repository\jakarta\xml\bind\jakarta.xml.bind-api\2.3.3\jakarta.xml.bind-api-2.3.3.jar;C:\Users\Daniel\.m2\repository\org\glassfish\jaxb\txw2\2.3.5\txw2-2.3.5.jar;C:\Users\Daniel\.m2\repository\com\sun\istack\istack-commons-runtime\3.0.12\istack-commons-runtime-3.0.12.jar;C:\Users\Daniel\.m2\repository\com\sun\activation\jakarta.activation\1.2.2\jakarta.activation-1.2.2.jar;C:\Users\Daniel\.m2\repository\org\springframework\data\spring-data-jpa\2.6.1\spring-data-jpa-2.6.1.jar;C:\Users\Daniel\.m2\repository\org\springframework\data\spring-data-commons\2.6.1\spring-data-commons-2.6.1.jar;C:\Users\Daniel\.m2\repository\org\springframework\spring-orm\5.3.15\spring-orm-5.3.15.jar;C:\Users\Daniel\.m2\repository\org\springframework\spring-tx\5.3.15\spring-tx-5.3.15.jar;C:\Users\Daniel\.m2\repository\org\slf4j\slf4j-api\1.7.33\slf4j-api-1.7.33.jar;C:\Users\Daniel\.m2\repository\org\springframework\spring-aspects\5.3.15\spring-aspects-5.3.15.jar;C:\Users\Daniel\.m2\repository\io\jsonwebtoken\jjwt\0.9.1\jjwt-0.9.1.jar;C:\Users\Daniel\.m2\repository\com\fasterxml\jackson\core\jackson-databind\2.13.1\jackson-databind-2.13.1.jar;C:\Users\Daniel\.m2\repository\com\fasterxml\jackson\core\jackson-annotations\2.13.1\jackson-annotations-2.13.1.jar;C:\Users\Daniel\.m2\repository\com\fasterxml\jackson\core\jackson-core\2.13.1\jackson-core-2.13.1.jar;C:\Users\Daniel\.m2\repository\org\springframework\boot\spring-boot-starter\2.6.3\spring-boot-starter-2.6.3.jar;C:\Users\Daniel\.m2\repository\org\springframework\boot\spring-boot-starter-logging\2.6.3\spring-boot-starter-logging-2.6.3.jar;C:\Users\Daniel\.m2\repository\ch\qos\logback\logback-classic\1.2.10\logback-classic-1.2.10.jar;C:\Users\Daniel\.m2\repository\ch\qos\logback\logback-core\1.2.10\logback-core-1.2.10.jar;C:\Users\Daniel\.m2\repository\org\apache\logging\log4j\log4j-to-slf4j\2.17.1\log4j-to-slf4j-2.17.1.jar;C:\Users\Daniel\.m2\repository\org\apache\logging\log4j\log4j-api\2.17.1\log4j-api-2.17.1.jar;C:\Users\Daniel\.m2\repository\org\slf4j\jul-to-slf4j\1.7.33\jul-to-slf4j-1.7.33.jar;C:\Users\Daniel\.m2\repository\jakarta\annotation\jakarta.annotation-api\1.3.5\jakarta.annotation-api-1.3.5.jar;C:\Users\Daniel\.m2\repository\org\springframework\spring-core\5.3.15\spring-core-5.3.15.jar;C:\Users\Daniel\.m2\repository\org\springframework\spring-jcl\5.3.15\spring-jcl-5.3.15.jar;C:\Users\Daniel\.m2\repository\org\yaml\snakeyaml\1.29\snakeyaml-1.29.jar;C:\Users\Daniel\.m2\repository\mysql\mysql-connector-java\8.0.28\mysql-connector-java-8.0.28.jar
Launcher Type: SUN_STANDARD

[Global flags]
     intx CICompilerCount                          = 3                                         {product} {ergonomic}
     uint ConcGCThreads                            = 2                                         {product} {ergonomic}
     uint G1ConcRefinementThreads                  = 6                                         {product} {ergonomic}
   size_t G1HeapRegionSize                         = 2097152                                   {product} {ergonomic}
    uintx GCDrainStackTargetSize                   = 64                                        {product} {ergonomic}
   size_t InitialHeapSize                          = 268435456                                 {product} {ergonomic}
   size_t MarkStackSize                            = 4194304                                   {product} {ergonomic}
   size_t MaxHeapSize                              = 4273995776                                {product} {ergonomic}
   size_t MaxNewSize                               = 2562719744                                {product} {ergonomic}
   size_t MinHeapDeltaBytes                        = 2097152                                   {product} {ergonomic}
   size_t MinHeapSize                              = 8388608                                   {product} {ergonomic}
    uintx NonNMethodCodeHeapSize                   = 5832780                                {pd product} {ergonomic}
    uintx NonProfiledCodeHeapSize                  = 122912730                              {pd product} {ergonomic}
    uintx ProfiledCodeHeapSize                     = 122912730                              {pd product} {ergonomic}
    uintx ReservedCodeCacheSize                    = 251658240                              {pd product} {ergonomic}
     bool SegmentedCodeCache                       = true                                      {product} {ergonomic}
     bool ShowCodeDetailsInExceptionMessages       = true                                   {manageable} {command line}
   size_t SoftMaxHeapSize                          = 4273995776                             {manageable} {ergonomic}
     bool UseCompressedClassPointers               = true                           {product lp64_product} {ergonomic}
     bool UseCompressedOops                        = true                           {product lp64_product} {ergonomic}
     bool UseG1GC                                  = true                                      {product} {ergonomic}
     bool UseLargePagesIndividualAllocation        = false                                  {pd product} {ergonomic}

Logging:
Log output configuration:
 #0: stdout all=warning uptime,level,tags foldmultilines=false
 #1: stderr all=off uptime,level,tags foldmultilines=false

Environment Variables:
PATH=C:\Program Files\Common Files\Oracle\Java\javapath;C:\Windows\system32;C:\Windows;C:\Windows\System32\Wbem;C:\Windows\System32\WindowsPowerShell\v1.0\;C:\Windows\System32\OpenSSH\;C:\Program Files\nodejs\;C:\Program Files\PuTTY\;C:\Program Files\Git\cmd;C:\Users\Daniel\Documents\apache-maven-3.8.6\bin;C:\src\flutter\bin;C:\Program Files\Gradle\gradle-7.5\bin;;C:\Program Files (x86)\NVIDIA Corporation\PhysX\Common;C:\Program Files\NVIDIA Corporation\NVIDIA NvDLISR;C:\Program Files\Docker\Docker\resources\bin;C:\ProgramData\DockerDesktop\version-bin;C:\Users\Daniel\AppData\Local\Microsoft\WindowsApps;C:\Users\Daniel\AppData\Roaming\npm;C:\Users\Daniel\AppData\Local\Programs\Microsoft VS Code\bin;C:\Program Files\heroku\bin;C:\Users\Daniel\AppData\Local\GitHubDesktop\bin
USERNAME=Daniel
OS=Windows_NT
PROCESSOR_IDENTIFIER=Intel64 Family 6 Model 158 Stepping 10, GenuineIntel



---------------  S Y S T E M  ---------------

OS:
 Windows 10 , 64 bit Build 19041 (10.0.19041.2546)
OS uptime: 0 days 13:18 hours
Hyper-V role detected

CPU: total 6 (initial active 6) (6 cores per cpu, 1 threads per core) family 6 model 158 stepping 10 microcode 0xcc, cx8, cmov, fxsr, mmx, 3dnowpref, sse, sse2, sse3, ssse3, sse4.1, sse4.2, popcnt, lzcnt, tsc, tscinvbit, avx, avx2, aes, erms, clmul, bmi1, bmi2, adx, fma, vzeroupper, clflush, clflushopt, hv

Memory: 4k page, system-wide physical 16300M (6675M free)
TotalPageFile size 18732M (AvailPageFile size 6154M)
current process WorkingSet (physical memory assigned to process): 382M, peak: 412M
current process commit charge ("private bytes"): 418M, peak: 455M

vm_info: Java HotSpot(TM) 64-Bit Server VM (18.0.1.1+2-6) for windows-amd64 JRE (18.0.1.1+2-6), built on Apr 25 2022 21:53:15 by "mach5one" with MS VC++ 16.8 / 16.9 (VS2019)

END.
