2022-07-22 15:58:08.634  INFO 12420 --- [restartedMain] com.OperationControlApplication          : Starting OperationControlApplication using Java 18.0.1.1 on DESKTOP-1EIVM1I with PID 12420 (C:\Users\4P\eclipse-workspace\Operation-control\target\classes started by 4P in C:\Users\4P\eclipse-workspace\Operation-control)
2022-07-22 15:58:08.636  INFO 12420 --- [restartedMain] com.OperationControlApplication          : No active profile set, falling back to default profiles: default
2022-07-22 15:58:08.736  INFO 12420 --- [restartedMain] .e.DevToolsPropertyDefaultsPostProcessor : Devtools property defaults active! Set 'spring.devtools.add-properties' to 'false' to disable
2022-07-22 15:58:08.737  INFO 12420 --- [restartedMain] .e.DevToolsPropertyDefaultsPostProcessor : For additional web related logging consider setting the 'logging.level.web' property to 'DEBUG'
2022-07-22 15:58:10.512  INFO 12420 --- [restartedMain] .s.d.r.c.RepositoryConfigurationDelegate : Bootstrapping Spring Data JPA repositories in DEFAULT mode.
2022-07-22 15:58:11.070  INFO 12420 --- [restartedMain] .s.d.r.c.RepositoryConfigurationDelegate : Finished Spring Data repository scanning in 550 ms. Found 7 JPA repository interfaces.
2022-07-22 15:58:12.000  INFO 12420 --- [restartedMain] o.s.b.w.embedded.tomcat.TomcatWebServer  : Tomcat initialized with port(s): 8081 (http)
2022-07-22 15:58:12.013  INFO 12420 --- [restartedMain] o.apache.catalina.core.StandardService   : Starting service [Tomcat]
2022-07-22 15:58:12.014  INFO 12420 --- [restartedMain] org.apache.catalina.core.StandardEngine  : Starting Servlet engine: [Apache Tomcat/9.0.56]
2022-07-22 15:58:12.092  INFO 12420 --- [restartedMain] o.a.c.c.C.[Tomcat].[localhost].[/]       : Initializing Spring embedded WebApplicationContext
2022-07-22 15:58:12.092  INFO 12420 --- [restartedMain] w.s.c.ServletWebServerApplicationContext : Root WebApplicationContext: initialization completed in 3352 ms
2022-07-22 15:58:12.373  INFO 12420 --- [restartedMain] o.hibernate.jpa.internal.util.LogHelper  : HHH000204: Processing PersistenceUnitInfo [name: default]
2022-07-22 15:58:12.436  INFO 12420 --- [restartedMain] org.hibernate.Version                    : HHH000412: Hibernate ORM core version 5.6.4.Final
2022-07-22 15:58:12.575  INFO 12420 --- [restartedMain] o.hibernate.annotations.common.Version   : HCANN000001: Hibernate Commons Annotations {5.1.2.Final}
2022-07-22 15:58:12.652  INFO 12420 --- [restartedMain] com.zaxxer.hikari.HikariDataSource       : HikariPool-1 - Starting...
2022-07-22 15:58:13.146  INFO 12420 --- [restartedMain] com.zaxxer.hikari.HikariDataSource       : HikariPool-1 - Start completed.
2022-07-22 15:58:13.173  INFO 12420 --- [restartedMain] org.hibernate.dialect.Dialect            : HHH000400: Using dialect: org.hibernate.dialect.PostgreSQLDialect
2022-07-22 15:58:14.285  INFO 12420 --- [restartedMain] o.h.e.t.j.p.i.JtaPlatformInitiator       : HHH000490: Using JtaPlatform implementation: [org.hibernate.engine.transaction.jta.platform.internal.NoJtaPlatform]
2022-07-22 15:58:14.300  INFO 12420 --- [restartedMain] j.LocalContainerEntityManagerFactoryBean : Initialized JPA EntityManagerFactory for persistence unit 'default'
2022-07-22 15:58:14.366  WARN 12420 --- [restartedMain] JpaBaseConfiguration$JpaWebConfiguration : spring.jpa.open-in-view is enabled by default. Therefore, database queries may be performed during view rendering. Explicitly configure spring.jpa.open-in-view to disable this warning
2022-07-22 15:58:15.187  INFO 12420 --- [restartedMain] o.s.s.web.DefaultSecurityFilterChain     : Will secure Ant [pattern='/**.html'] with []
2022-07-22 15:58:15.187  INFO 12420 --- [restartedMain] o.s.s.web.DefaultSecurityFilterChain     : Will secure Ant [pattern='/v2/api-docs'] with []
2022-07-22 15:58:15.188  INFO 12420 --- [restartedMain] o.s.s.web.DefaultSecurityFilterChain     : Will secure Ant [pattern='/webjars/**'] with []
2022-07-22 15:58:15.188  INFO 12420 --- [restartedMain] o.s.s.web.DefaultSecurityFilterChain     : Will secure Ant [pattern='/configuration/**'] with []
2022-07-22 15:58:15.189  INFO 12420 --- [restartedMain] o.s.s.web.DefaultSecurityFilterChain     : Will secure Ant [pattern='/swagger-resources/**'] with []
2022-07-22 15:58:15.370  INFO 12420 --- [restartedMain] o.s.s.web.DefaultSecurityFilterChain     : Will secure any request with [org.springframework.security.web.context.request.async.WebAsyncManagerIntegrationFilter@3cba137a, org.springframework.security.web.context.SecurityContextPersistenceFilter@336fd7, org.springframework.security.web.header.HeaderWriterFilter@5e63a93d, org.springframework.web.filter.CorsFilter@4247a5ae, org.springframework.security.web.authentication.logout.LogoutFilter@1b491b32, com.filter.AutenticacaoViaTokenFilter@3b602c4c, org.springframework.security.web.savedrequest.RequestCacheAwareFilter@757244ee, org.springframework.security.web.servletapi.SecurityContextHolderAwareRequestFilter@76a97d9a, org.springframework.security.web.authentication.AnonymousAuthenticationFilter@4e4505f, org.springframework.security.web.session.SessionManagementFilter@71f8ee39, org.springframework.security.web.access.ExceptionTranslationFilter@4e73a581, org.springframework.security.web.access.intercept.FilterSecurityInterceptor@37156244]
2022-07-22 15:58:15.547  INFO 12420 --- [restartedMain] o.s.b.d.a.OptionalLiveReloadServer       : LiveReload server is running on port 35729
2022-07-22 15:58:15.576  INFO 12420 --- [restartedMain] o.s.b.w.embedded.tomcat.TomcatWebServer  : Tomcat started on port(s): 8081 (http) with context path ''
2022-07-22 15:58:15.590  INFO 12420 --- [restartedMain] com.OperationControlApplication          : Started OperationControlApplication in 7.441 seconds (JVM running for 7.943)
2022-07-22 15:58:39.689  INFO 12420 --- [http-nio-8081-exec-1] o.a.c.c.C.[Tomcat].[localhost].[/]       : Initializing Spring DispatcherServlet 'dispatcherServlet'
2022-07-22 15:58:39.689  INFO 12420 --- [http-nio-8081-exec-1] o.s.web.servlet.DispatcherServlet        : Initializing Servlet 'dispatcherServlet'
2022-07-22 15:58:39.690  INFO 12420 --- [http-nio-8081-exec-1] o.s.web.servlet.DispatcherServlet        : Completed initialization in 1 ms
